TN:
SF:/Users/bruno/workspace/player/clappr/src/base/base_object.js
FN:,(anonymous_0)
FN:,defineProperties
FN:,(anonymous_2)
FN:,_interopRequireDefault
FN:,_classCallCheck
FN:,_possibleConstructorReturn
FN:,_inherits
FN:,(anonymous_7)
FN:,get
FN:,BaseObject
FNF:10
FNH:10
FNDA:22,(anonymous_0)
FNDA:22,defineProperties
FNDA:22,(anonymous_2)
FNDA:22,_interopRequireDefault
FNDA:295,_classCallCheck
FNDA:295,_possibleConstructorReturn
FNDA:22,_inherits
FNDA:22,(anonymous_7)
FNDA:1178,get
FNDA:295,BaseObject
DA:3,22
DA:7,22
DA:9,22
DA:11,22
DA:13,22
DA:15,22
DA:17,295
DA:19,295
DA:21,22
DA:31,22
DA:32,22
DA:34,22
DA:43,1178
DA:54,295
DA:56,295
DA:58,295
DA:60,295
DA:61,295
DA:62,295
DA:72,22
DA:75,22
DA:76,22
LF:22
LH:22
BRDA:,0,0,22
BRDA:,0,1,22
BRDA:,1,0,0
BRDA:,1,1,22
BRDA:,2,0,22
BRDA:,2,1,0
BRDA:,3,0,0
BRDA:,3,1,22
BRDA:,4,0,0
BRDA:,4,1,22
BRDA:,5,0,22
BRDA:,5,1,22
BRDA:,6,0,0
BRDA:,6,1,295
BRDA:,7,0,0
BRDA:,7,1,295
BRDA:,8,0,0
BRDA:,8,1,295
BRDA:,9,0,295
BRDA:,9,1,0
BRDA:,9,2,0
BRDA:,10,0,0
BRDA:,10,1,22
BRDA:,11,0,22
BRDA:,11,1,0
BRDA:,12,0,22
BRDA:,12,1,22
BRDA:,13,0,22
BRDA:,13,1,0
BRDA:,14,0,22
BRDA:,14,1,0
BRDA:,15,0,183
BRDA:,15,1,112
BRDA:,16,0,295
BRDA:,16,1,278
BRF:35
BRH:22
end_of_record
TN:
SF:/Users/bruno/workspace/player/clappr/src/base/utils.js
FN:,(anonymous_0)
FN:,defineProperties
FN:,(anonymous_2)
FN:,_interopRequireDefault
FN:,_classCallCheck
FN:,_possibleConstructorReturn
FN:,_inherits
FN:,assign
FN:,extend
FN:,(anonymous_9)
FN:,Surrogate
FN:,formatTime
FN:,isFullscreen
FN:,requestFullscreen
FN:,cancelFullscreen
FN:,fullscreenEnabled
FN:,(anonymous_16)
FN:,Config
FN:,_defaultConfig
FN:,_defaultValueFor
FN:,_createKeyspace
FN:,restore
FN:,persist
FN:,(anonymous_23)
FN:,QueryString
FN:,parse
FN:,decode
FN:,get
FN:,get
FN:,seekStringToSeconds
FN:,(anonymous_30)
FN:,(anonymous_31)
FN:,uniqueId
FN:,isNumber
FN:,currentScriptUrl
FN:,(anonymous_35)
FN:,getBrowserLanguage
FN:,now
FN:,removeArrayItem
FN:,(anonymous_39)
FN:,DomRecycler
FN:,configure
FN:,create
FN:,garbage
FNF:44
FNH:37
FNDA:24,(anonymous_0)
FNDA:24,defineProperties
FNDA:24,(anonymous_2)
FNDA:48,_interopRequireDefault
FNDA:10,_classCallCheck
FNDA:10,_possibleConstructorReturn
FNDA:18,_inherits
FNDA:18,assign
FNDA:18,extend
FNDA:18,(anonymous_9)
FNDA:10,Surrogate
FNDA:6,formatTime
FNDA:9,isFullscreen
FNDA:0,requestFullscreen
FNDA:0,cancelFullscreen
FNDA:2,fullscreenEnabled
FNDA:24,(anonymous_16)
FNDA:0,Config
FNDA:15,_defaultConfig
FNDA:6,_defaultValueFor
FNDA:21,_createKeyspace
FNDA:10,restore
FNDA:7,persist
FNDA:24,(anonymous_23)
FNDA:0,QueryString
FNDA:28,parse
FNDA:78,decode
FNDA:25,get
FNDA:10,get
FNDA:25,seekStringToSeconds
FNDA:20,(anonymous_30)
FNDA:35,(anonymous_31)
FNDA:617,uniqueId
FNDA:1,isNumber
FNDA:2,currentScriptUrl
FNDA:0,(anonymous_35)
FNDA:1,getBrowserLanguage
FNDA:0,now
FNDA:8,removeArrayItem
FNDA:24,(anonymous_39)
FNDA:0,DomRecycler
FNDA:3,configure
FNDA:225,create
FNDA:2,garbage
DA:3,24
DA:6,24
DA:8,48
DA:10,24
DA:11,24
DA:12,24
DA:13,24
DA:14,24
DA:15,24
DA:16,24
DA:17,24
DA:18,24
DA:20,24
DA:22,24
DA:24,24
DA:26,24
DA:28,48
DA:30,10
DA:32,10
DA:34,18
DA:40,18
DA:41,18
DA:42,20
DA:43,20
DA:46,18
DA:50,18
DA:51,18
DA:54,10
DA:56,10
DA:57,11
DA:60,10
DA:62,10
DA:63,1
DA:65,10
DA:68,18
DA:71,18
DA:72,18
DA:76,6
DA:77,0
DA:79,6
DA:80,6
DA:81,6
DA:82,6
DA:83,6
DA:84,6
DA:85,6
DA:86,6
DA:87,6
DA:88,6
DA:89,2
DA:90,2
DA:91,1
DA:94,6
DA:95,2
DA:97,6
DA:98,6
DA:99,6
DA:102,24
DA:104,9
DA:107,0
DA:108,0
DA:109,0
DA:110,0
DA:111,0
DA:112,0
DA:113,0
DA:114,0
DA:115,0
DA:116,0
DA:120,0
DA:121,0
DA:122,0
DA:123,0
DA:124,0
DA:125,0
DA:126,0
DA:127,0
DA:128,0
DA:129,0
DA:133,2
DA:137,24
DA:139,0
DA:142,24
DA:143,15
DA:151,24
DA:152,6
DA:153,6
DA:155,1
DA:159,24
DA:160,21
DA:163,24
DA:164,10
DA:165,4
DA:167,6
DA:170,24
DA:171,7
DA:172,7
DA:173,7
DA:174,7
DA:176,0
DA:181,24
DA:184,24
DA:186,0
DA:189,24
DA:190,28
DA:191,28
DA:193,28
DA:194,28
DA:195,78
DA:197,28
DA:198,28
DA:200,39
DA:202,28
DA:205,24
DA:208,25
DA:209,25
DA:210,19
DA:211,19
DA:213,25
DA:218,10
DA:219,10
DA:220,9
DA:221,9
DA:223,10
DA:227,24
DA:231,25
DA:233,25
DA:234,25
DA:235,25
DA:236,25
DA:237,20
DA:238,20
DA:239,20
DA:240,35
DA:241,35
DA:242,35
DA:243,35
DA:247,5
DA:248,2
DA:250,25
DA:253,24
DA:256,617
DA:257,617
DA:258,617
DA:262,1
DA:266,2
DA:267,2
DA:270,24
DA:271,0
DA:274,24
DA:277,1
DA:281,0
DA:282,0
DA:284,0
DA:289,8
DA:290,8
DA:291,3
DA:296,24
DA:298,24
DA:300,0
DA:303,24
DA:304,3
DA:307,24
DA:308,225
DA:309,1
DA:311,224
DA:314,24
DA:316,2
DA:317,1
DA:318,1
DA:321,24
DA:324,24
DA:326,24
LF:173
LH:144
BRDA:,0,0,48
BRDA:,0,1,48
BRDA:,1,0,0
BRDA:,1,1,48
BRDA:,2,0,0
BRDA:,2,1,24
BRDA:,3,0,24
BRDA:,3,1,0
BRDA:,4,0,0
BRDA:,4,1,48
BRDA:,5,0,48
BRDA:,5,1,48
BRDA:,6,0,0
BRDA:,6,1,10
BRDA:,7,0,0
BRDA:,7,1,10
BRDA:,8,0,5
BRDA:,8,1,5
BRDA:,9,0,10
BRDA:,9,1,5
BRDA:,9,2,0
BRDA:,10,0,0
BRDA:,10,1,18
BRDA:,11,0,18
BRDA:,11,1,0
BRDA:,12,0,18
BRDA:,12,1,18
BRDA:,13,0,18
BRDA:,13,1,0
BRDA:,14,0,18
BRDA:,14,1,0
BRDA:,15,0,18
BRDA:,15,1,0
BRDA:,16,0,20
BRDA:,16,1,0
BRDA:,17,0,1
BRDA:,17,1,9
BRDA:,18,0,0
BRDA:,18,1,6
BRDA:,19,0,2
BRDA:,19,1,4
BRDA:,20,0,6
BRDA:,20,1,2
BRDA:,21,0,1
BRDA:,21,1,1
BRDA:,22,0,2
BRDA:,22,1,4
BRDA:,23,0,6
BRDA:,23,1,2
BRDA:,23,2,4
BRDA:,24,0,9
BRDA:,24,1,9
BRDA:,24,2,9
BRDA:,24,3,9
BRDA:,25,0,0
BRDA:,25,1,0
BRDA:,26,0,0
BRDA:,26,1,0
BRDA:,27,0,0
BRDA:,27,1,0
BRDA:,28,0,0
BRDA:,28,1,0
BRDA:,29,0,0
BRDA:,29,1,0
BRDA:,30,0,0
BRDA:,30,1,0
BRDA:,30,2,0
BRDA:,31,0,0
BRDA:,31,1,0
BRDA:,32,0,0
BRDA:,32,1,0
BRDA:,33,0,0
BRDA:,33,1,0
BRDA:,34,0,0
BRDA:,34,1,0
BRDA:,35,0,0
BRDA:,35,1,0
BRDA:,36,0,2
BRDA:,36,1,2
BRDA:,36,2,2
BRDA:,36,3,2
BRDA:,37,0,4
BRDA:,37,1,6
BRDA:,38,0,10
BRDA:,38,1,10
BRDA:,39,0,7
BRDA:,39,1,0
BRDA:,40,0,19
BRDA:,40,1,6
BRDA:,41,0,9
BRDA:,41,1,1
BRDA:,42,0,0
BRDA:,42,1,25
BRDA:,43,0,25
BRDA:,43,1,0
BRDA:,44,0,25
BRDA:,44,1,10
BRDA:,44,2,3
BRDA:,45,0,25
BRDA:,45,1,5
BRDA:,46,0,20
BRDA:,46,1,5
BRDA:,47,0,35
BRDA:,47,1,0
BRDA:,48,0,2
BRDA:,48,1,3
BRDA:,49,0,617
BRDA:,49,1,45
BRDA:,50,0,2
BRDA:,50,1,0
BRDA:,51,0,24
BRDA:,51,1,0
BRDA:,51,2,0
BRDA:,51,3,0
BRDA:,52,0,24
BRDA:,52,1,0
BRDA:,52,2,0
BRDA:,52,3,0
BRDA:,53,0,1
BRDA:,53,1,1
BRDA:,54,0,0
BRDA:,54,1,0
BRDA:,55,0,0
BRDA:,55,1,0
BRDA:,56,0,3
BRDA:,56,1,5
BRDA:,57,0,1
BRDA:,57,1,224
BRDA:,58,0,225
BRDA:,58,1,2
BRDA:,58,2,2
BRDA:,59,0,1
BRDA:,59,1,1
BRDA:,60,0,2
BRDA:,60,1,1
BRF:135
BRH:83
end_of_record
TN:
SF:/Users/bruno/workspace/player/clappr/src/components/browser.js
FN:,hasLocalstorage
FN:,hasFlash
FN:,getBrowserInfo
FNF:3
FNH:3
FNDA:25,hasLocalstorage
FNDA:25,hasFlash
FNDA:25,getBrowserInfo
DA:3,25
DA:10,25
DA:12,25
DA:13,25
DA:14,25
DA:15,25
DA:16,25
DA:18,0
DA:22,25
DA:23,25
DA:24,25
DA:25,0
DA:27,25
DA:31,25
DA:32,25
DA:33,25
DA:34,25
DA:35,25
DA:36,0
DA:37,0
DA:38,25
DA:39,0
DA:40,0
DA:41,0
DA:44,25
DA:46,25
DA:47,0
DA:49,25
DA:52,25
DA:54,25
DA:55,25
DA:56,25
DA:57,25
DA:58,25
DA:59,25
DA:60,25
DA:61,25
DA:62,25
DA:63,25
DA:64,25
DA:65,25
DA:66,25
DA:67,25
DA:68,25
DA:69,25
DA:71,25
DA:72,25
DA:74,25
DA:75,25
LF:49
LH:41
BRDA:,0,0,25
BRDA:,0,1,25
BRDA:,0,2,25
BRDA:,1,0,25
BRDA:,1,1,0
BRDA:,2,0,0
BRDA:,2,1,25
BRDA:,3,0,0
BRDA:,3,1,0
BRDA:,4,0,0
BRDA:,4,1,0
BRDA:,5,0,0
BRDA:,5,1,25
BRDA:,6,0,0
BRDA:,6,1,0
BRDA:,7,0,25
BRDA:,7,1,0
BRDA:,8,0,0
BRDA:,8,1,25
BRDA:,9,0,25
BRDA:,9,1,0
BRDA:,10,0,25
BRDA:,10,1,25
BRDA:,11,0,25
BRDA:,11,1,25
BRDA:,12,0,25
BRDA:,12,1,0
BRF:27
BRH:14
end_of_record
TN:
SF:/Users/bruno/workspace/player/clappr/src/base/events.js
FN:,(anonymous_0)
FN:,(anonymous_1)
FN:,_interopRequireDefault
FN:,_classCallCheck
FN:,eventsApi
FN:,triggerEvents
FN:,run
FN:,(anonymous_7)
FN:,Events
FN:,on
FN:,once
FN:,(anonymous_11)
FN:,off
FN:,trigger
FN:,stopListening
FN:,(anonymous_15)
FN:,(anonymous_16)
FNF:17
FNH:16
FNDA:2018,(anonymous_0)
FNDA:0,(anonymous_1)
FNDA:46,_interopRequireDefault
FNDA:316,_classCallCheck
FNDA:2040,eventsApi
FNDA:84,triggerEvents
FNDA:85,run
FNDA:23,(anonymous_7)
FNDA:316,Events
FNDA:1854,on
FNDA:35,once
FNDA:5,(anonymous_11)
FNDA:26,off
FNDA:191,trigger
FNDA:22,stopListening
FNDA:46,(anonymous_15)
FNDA:1740,(anonymous_16)
DA:3,23
DA:7,2018
DA:11,23
DA:13,23
DA:15,23
DA:17,23
DA:19,23
DA:21,46
DA:23,316
DA:25,23
DA:27,23
DA:29,23
DA:30,2040
DA:31,22
DA:35,2018
DA:36,1
DA:37,1
DA:39,1
DA:43,2017
DA:44,1
DA:45,1
DA:46,2
DA:48,1
DA:51,2016
DA:54,23
DA:55,84
DA:56,84
DA:57,84
DA:58,84
DA:59,84
DA:60,84
DA:61,84
DA:64,85
DA:65,85
DA:67,36
DA:68,58
DA:69,35
DA:71,41
DA:72,46
DA:73,41
DA:75,8
DA:76,9
DA:77,8
DA:79,0
DA:80,0
DA:81,0
DA:83,0
DA:84,0
DA:85,0
DA:88,1
DA:89,1
DA:100,23
DA:102,316
DA:112,23
DA:113,1854
DA:114,2
DA:116,1852
DA:117,1852
DA:118,1852
DA:119,1852
DA:131,23
DA:132,35
DA:133,0
DA:135,35
DA:136,35
DA:137,5
DA:138,5
DA:140,35
DA:141,35
DA:153,23
DA:154,26
DA:155,26
DA:156,26
DA:157,26
DA:158,26
DA:159,26
DA:160,26
DA:161,26
DA:162,26
DA:163,1
DA:165,25
DA:166,0
DA:167,0
DA:169,25
DA:171,25
DA:172,153
DA:173,153
DA:174,153
DA:175,153
DA:176,153
DA:177,152
DA:178,248
DA:179,248
DA:180,196
DA:184,153
DA:185,25
DA:189,25
DA:199,23
DA:200,191
DA:201,191
DA:202,191
DA:203,65
DA:205,126
DA:206,126
DA:207,0
DA:209,126
DA:210,126
DA:211,126
DA:212,84
DA:214,126
DA:215,0
DA:217,126
DA:229,23
DA:230,22
DA:231,22
DA:232,12
DA:234,10
DA:235,10
DA:236,0
DA:238,10
DA:239,1
DA:241,10
DA:242,19
DA:243,19
DA:244,19
DA:245,18
DA:248,10
DA:251,23
DA:280,23
DA:281,23
DA:283,23
DA:284,46
DA:285,1740
DA:286,1740
DA:287,1740
DA:288,1740
DA:289,0
DA:291,1740
DA:292,1740
DA:302,23
DA:309,23
DA:316,23
DA:322,23
DA:328,23
DA:334,23
DA:340,23
DA:347,23
DA:354,23
DA:366,23
DA:373,23
DA:391,23
DA:403,23
DA:409,23
DA:419,23
DA:430,23
DA:436,23
DA:448,23
DA:456,23
DA:472,23
DA:482,23
DA:489,23
DA:496,23
DA:507,23
DA:514,23
DA:516,23
DA:518,23
DA:525,23
DA:531,23
DA:541,23
DA:547,23
DA:553,23
DA:561,23
DA:563,23
DA:565,23
DA:567,23
DA:574,23
DA:580,23
DA:587,23
DA:599,23
DA:600,23
DA:616,23
DA:617,23
DA:618,23
DA:624,23
DA:625,23
DA:637,23
DA:649,23
DA:663,23
DA:664,23
DA:665,23
DA:666,23
DA:667,23
DA:668,23
DA:669,23
DA:670,23
DA:671,23
DA:672,23
DA:679,23
DA:680,23
DA:681,23
DA:687,23
DA:693,23
DA:699,23
DA:707,23
DA:714,23
DA:720,23
DA:722,23
DA:723,23
DA:724,23
DA:730,23
DA:733,23
DA:739,23
DA:745,23
DA:751,23
DA:759,23
DA:767,23
DA:773,23
DA:779,23
DA:785,23
DA:788,23
DA:789,23
LF:221
LH:208
BRDA:,0,0,23
BRDA:,0,1,0
BRDA:,1,0,23
BRDA:,1,1,23
BRDA:,2,0,0
BRDA:,2,1,0
BRDA:,3,0,0
BRDA:,3,1,0
BRDA:,3,2,0
BRDA:,3,3,0
BRDA:,4,0,0
BRDA:,4,1,46
BRDA:,5,0,46
BRDA:,5,1,46
BRDA:,6,0,0
BRDA:,6,1,316
BRDA:,7,0,22
BRDA:,7,1,2018
BRDA:,8,0,1
BRDA:,8,1,2017
BRDA:,9,0,0
BRDA:,9,1,2018
BRDA:,10,0,1
BRDA:,10,1,2016
BRDA:,11,0,36
BRDA:,11,1,41
BRDA:,11,2,8
BRDA:,11,3,0
BRDA:,11,4,0
BRDA:,12,0,2
BRDA:,12,1,1852
BRDA:,13,0,1854
BRDA:,13,1,1852
BRDA:,14,0,1852
BRDA:,14,1,118
BRDA:,15,0,1852
BRDA:,15,1,1383
BRDA:,16,0,1852
BRDA:,16,1,85
BRDA:,17,0,0
BRDA:,17,1,35
BRDA:,18,0,35
BRDA:,18,1,35
BRDA:,19,0,1
BRDA:,19,1,25
BRDA:,20,0,26
BRDA:,20,1,25
BRDA:,21,0,0
BRDA:,21,1,25
BRDA:,22,0,25
BRDA:,22,1,18
BRDA:,22,2,18
BRDA:,23,0,7
BRDA:,23,1,18
BRDA:,24,0,153
BRDA:,24,1,0
BRDA:,25,0,152
BRDA:,25,1,1
BRDA:,26,0,153
BRDA:,26,1,147
BRDA:,27,0,196
BRDA:,27,1,52
BRDA:,28,0,248
BRDA:,28,1,12
BRDA:,28,2,6
BRDA:,28,3,242
BRDA:,28,4,237
BRDA:,29,0,25
BRDA:,29,1,128
BRDA:,30,0,191
BRDA:,30,1,36
BRDA:,31,0,65
BRDA:,31,1,126
BRDA:,32,0,0
BRDA:,32,1,126
BRDA:,33,0,84
BRDA:,33,1,42
BRDA:,34,0,0
BRDA:,34,1,126
BRDA:,35,0,12
BRDA:,35,1,10
BRDA:,36,0,10
BRDA:,36,1,9
BRDA:,37,0,0
BRDA:,37,1,10
BRDA:,38,0,10
BRDA:,38,1,9
BRDA:,39,0,9
BRDA:,39,1,0
BRDA:,40,0,1
BRDA:,40,1,9
BRDA:,41,0,18
BRDA:,41,1,1
BRDA:,42,0,19
BRDA:,42,1,1
BRDA:,43,0,1740
BRDA:,43,1,112
BRDA:,44,0,1740
BRDA:,44,1,91
BRDA:,45,0,0
BRDA:,45,1,1740
BRDA:,46,0,1740
BRDA:,46,1,0
BRDA:,47,0,0
BRDA:,47,1,0
BRF:105
BRH:82
end_of_record
TN:
SF:/Users/bruno/workspace/player/clappr/src/plugins/log/index.js
FNF:0
FNH:0
DA:3,23
LF:1
LH:1
BRF:0
BRH:0
end_of_record
TN:
SF:/Users/bruno/workspace/player/clappr/src/plugins/log/log.js
FN:,_classCallCheck
FN:,(anonymous_1)
FN:,Log
FN:,(anonymous_3)
FN:,debug
FN:,info
FN:,warn
FN:,error
FN:,onOff
FN:,level
FN:,log
FN:,(anonymous_11)
FN:,(anonymous_12)
FN:,(anonymous_13)
FN:,(anonymous_14)
FN:,(anonymous_15)
FN:,(anonymous_16)
FNF:17
FNH:9
FNDA:10,_classCallCheck
FNDA:23,(anonymous_1)
FNDA:10,Log
FNDA:0,(anonymous_3)
FNDA:191,debug
FNDA:0,info
FNDA:0,warn
FNDA:1,error
FNDA:0,onOff
FNDA:0,level
FNDA:192,log
FNDA:384,(anonymous_11)
FNDA:0,(anonymous_12)
FNDA:191,(anonymous_13)
FNDA:0,(anonymous_14)
FNDA:0,(anonymous_15)
FNDA:1,(anonymous_16)
DA:3,23
DA:7,23
DA:9,10
DA:13,23
DA:14,23
DA:15,23
DA:16,23
DA:17,23
DA:19,23
DA:20,23
DA:21,23
DA:22,23
DA:23,23
DA:25,23
DA:26,23
DA:28,23
DA:30,10
DA:32,10
DA:33,10
DA:35,10
DA:37,10
DA:38,10
DA:39,0
DA:41,10
DA:42,10
DA:43,10
DA:46,23
DA:47,191
DA:50,23
DA:51,0
DA:54,23
DA:55,0
DA:58,23
DA:59,1
DA:62,23
DA:63,0
DA:64,0
DA:66,0
DA:67,0
DA:70,0
DA:71,0
DA:75,23
DA:76,0
DA:79,23
DA:80,192
DA:81,173
DA:83,1
DA:84,0
DA:85,0
DA:87,1
DA:88,1
DA:89,1
DA:90,1
DA:92,1
DA:93,1
DA:97,23
DA:100,23
DA:103,23
DA:104,23
DA:105,23
DA:106,23
DA:108,23
DA:109,384
DA:110,10
DA:111,10
DA:112,10
DA:114,384
DA:117,23
DA:118,0
DA:121,23
DA:122,191
DA:124,23
DA:125,0
DA:127,23
DA:128,0
DA:130,23
DA:131,1
DA:133,23
LF:78
LH:63
BRDA:,0,0,0
BRDA:,0,1,10
BRDA:,1,0,0
BRDA:,1,1,10
BRDA:,2,0,10
BRDA:,2,1,0
BRDA:,3,0,0
BRDA:,3,1,10
BRDA:,4,0,10
BRDA:,4,1,0
BRDA:,5,0,0
BRDA:,5,1,0
BRDA:,6,0,0
BRDA:,6,1,0
BRDA:,7,0,0
BRDA:,7,1,0
BRDA:,8,0,19
BRDA:,8,1,173
BRDA:,9,0,172
BRDA:,9,1,1
BRDA:,10,0,0
BRDA:,10,1,1
BRDA:,11,0,1
BRDA:,11,1,0
BRDA:,12,0,1
BRDA:,12,1,0
BRDA:,13,0,1
BRDA:,13,1,1
BRDA:,14,0,10
BRDA:,14,1,374
BRF:30
BRH:16
end_of_record
TN:
SF:/Users/bruno/workspace/player/clappr/src/vendor/index.js
FN:,_interopRequireDefault
FNF:1
FNH:1
FNDA:23,_interopRequireDefault
DA:3,23
DA:7,23
DA:9,23
DA:11,23
DA:13,23
DA:14,23
LF:6
LH:6
BRDA:,0,0,0
BRDA:,0,1,23
BRDA:,1,0,23
BRDA:,1,1,23
BRF:4
BRH:3
end_of_record
TN:
SF:/Users/bruno/workspace/player/clappr/src/vendor/kibo.js
FN:,Kibo
FN:,(anonymous_1)
FN:,(anonymous_2)
FN:,(anonymous_3)
FN:,(anonymous_4)
FN:,(anonymous_5)
FN:,(anonymous_6)
FN:,(anonymous_7)
FN:,(anonymous_8)
FN:,(anonymous_9)
FN:,(anonymous_10)
FN:,(anonymous_11)
FN:,(anonymous_12)
FN:,(anonymous_13)
FN:,(anonymous_14)
FN:,(anonymous_15)
FN:,(anonymous_16)
FN:,(anonymous_17)
FN:,(anonymous_18)
FN:,(anonymous_19)
FN:,(anonymous_20)
FN:,(anonymous_21)
FN:,unloader
FN:,(anonymous_23)
FN:,(anonymous_24)
FN:,(anonymous_25)
FN:,(anonymous_26)
FN:,(anonymous_27)
FN:,(anonymous_28)
FN:,(anonymous_29)
FN:,(anonymous_30)
FN:,(anonymous_31)
FN:,(anonymous_32)
FNF:33
FNH:22
FNDA:16,Kibo
FNDA:23,(anonymous_1)
FNDA:23,(anonymous_2)
FNDA:48,(anonymous_3)
FNDA:0,(anonymous_4)
FNDA:23,(anonymous_5)
FNDA:0,(anonymous_6)
FNDA:0,(anonymous_7)
FNDA:712,(anonymous_8)
FNDA:146,(anonymous_9)
FNDA:128,(anonymous_10)
FNDA:128,(anonymous_11)
FNDA:128,(anonymous_12)
FNDA:23,(anonymous_13)
FNDA:360,(anonymous_14)
FNDA:0,(anonymous_15)
FNDA:146,(anonymous_16)
FNDA:146,(anonymous_17)
FNDA:146,(anonymous_18)
FNDA:0,(anonymous_19)
FNDA:0,(anonymous_20)
FNDA:16,(anonymous_21)
FNDA:0,unloader
FNDA:32,(anonymous_23)
FNDA:0,(anonymous_24)
FNDA:112,(anonymous_25)
FNDA:16,(anonymous_26)
FNDA:16,(anonymous_27)
FNDA:112,(anonymous_28)
FNDA:112,(anonymous_29)
FNDA:0,(anonymous_30)
FNDA:0,(anonymous_31)
FNDA:0,(anonymous_32)
DA:3,23
DA:10,23
DA:11,16
DA:12,16
DA:15,23
DA:29,23
DA:30,23
DA:31,23
DA:32,1403
DA:33,1403
DA:38,23
DA:40,23
DA:41,23
DA:42,23
DA:43,48
DA:45,0
DA:46,0
DA:47,0
DA:52,23
DA:53,23
DA:54,23
DA:55,0
DA:57,0
DA:58,0
DA:59,0
DA:64,23
DA:65,712
DA:68,23
DA:69,146
DA:72,23
DA:73,128
DA:74,128
DA:78,23
DA:79,128
DA:82,23
DA:83,23
DA:84,23
DA:85,360
DA:88,0
DA:89,0
DA:90,0
DA:91,0
DA:94,0
DA:99,23
DA:101,146
DA:102,146
DA:103,438
DA:104,68
DA:107,146
DA:110,23
DA:112,146
DA:113,146
DA:114,214
DA:115,146
DA:120,23
DA:123,146
DA:124,0
DA:127,146
DA:129,146
DA:130,146
DA:131,146
DA:134,146
DA:137,23
DA:138,0
DA:141,23
DA:142,0
DA:145,23
DA:147,16
DA:149,16
DA:150,16
DA:151,16
DA:152,48
DA:155,16
DA:156,16
DA:157,16
DA:158,16
DA:160,16
DA:161,16
DA:162,16
DA:163,0
DA:164,0
DA:165,0
DA:169,23
DA:170,32
DA:171,32
DA:174,0
DA:176,0
DA:177,0
DA:178,0
DA:180,0
DA:181,0
DA:184,0
DA:186,0
DA:187,0
DA:188,0
DA:192,0
DA:193,0
DA:194,0
DA:195,0
DA:196,0
DA:203,23
DA:206,112
DA:208,112
DA:209,102
DA:212,112
DA:213,112
DA:214,112
DA:216,112
DA:217,0
DA:219,112
DA:223,112
DA:227,23
DA:231,16
DA:233,16
DA:234,14
DA:237,16
DA:238,34
DA:239,34
DA:241,34
DA:242,34
DA:244,0
DA:245,0
DA:246,0
DA:247,0
DA:248,0
DA:255,16
DA:258,23
DA:259,16
DA:262,23
DA:263,112
DA:266,23
DA:267,112
DA:270,23
DA:271,0
DA:274,23
DA:275,0
DA:276,0
DA:279,0
DA:282,23
DA:285,0
DA:286,0
DA:287,0
DA:288,0
DA:292,0
DA:293,0
DA:296,0
DA:299,23
DA:300,23
LF:148
LH:98
BRDA:,0,0,16
BRDA:,0,1,13
BRDA:,1,0,1403
BRDA:,1,1,0
BRDA:,2,0,23
BRDA:,2,1,0
BRDA:,3,0,0
BRDA:,3,1,0
BRDA:,4,0,23
BRDA:,4,1,0
BRDA:,5,0,0
BRDA:,5,1,0
BRDA:,6,0,23
BRDA:,6,1,0
BRDA:,7,0,0
BRDA:,7,1,0
BRDA:,8,0,68
BRDA:,8,1,370
BRDA:,9,0,146
BRDA:,9,1,68
BRDA:,10,0,0
BRDA:,10,1,146
BRDA:,11,0,146
BRDA:,11,1,0
BRDA:,12,0,146
BRDA:,12,1,146
BRDA:,13,0,0
BRDA:,13,1,0
BRDA:,14,0,0
BRDA:,14,1,0
BRDA:,15,0,0
BRDA:,15,1,0
BRDA:,16,0,0
BRDA:,16,1,0
BRDA:,17,0,0
BRDA:,17,1,0
BRDA:,18,0,0
BRDA:,18,1,0
BRDA:,19,0,0
BRDA:,19,1,0
BRDA:,20,0,102
BRDA:,20,1,10
BRDA:,21,0,0
BRDA:,21,1,112
BRDA:,22,0,14
BRDA:,22,1,2
BRDA:,23,0,34
BRDA:,23,1,0
BRDA:,24,0,0
BRDA:,24,1,0
BRDA:,25,0,0
BRDA:,25,1,0
BRDA:,26,0,112
BRDA:,26,1,0
BRDA:,27,0,112
BRDA:,27,1,0
BRDA:,28,0,0
BRDA:,28,1,0
BRDA:,29,0,0
BRDA:,29,1,0
BRDA:,30,0,0
BRDA:,30,1,0
BRF:62
BRH:22
end_of_record
TN:
SF:/Users/bruno/workspace/player/clappr/src/base/container_plugin.js
FN:,_interopRequireDefault
FN:,_classCallCheck
FN:,_possibleConstructorReturn
FN:,_inherits
FN:,(anonymous_4)
FN:,ContainerPlugin
FN:,enable
FN:,disable
FN:,bindEvents
FN:,destroy
FN:,(anonymous_10)
FNF:11
FNH:11
FNDA:6,_interopRequireDefault
FNDA:27,_classCallCheck
FNDA:27,_possibleConstructorReturn
FNDA:6,_inherits
FNDA:6,(anonymous_4)
FNDA:27,ContainerPlugin
FNDA:3,enable
FNDA:3,disable
FNDA:16,bindEvents
FNDA:1,destroy
FNDA:5,(anonymous_10)
DA:3,6
DA:7,6
DA:9,6
DA:11,6
DA:13,6
DA:15,27
DA:17,27
DA:19,6
DA:28,6
DA:29,6
DA:32,27
DA:34,27
DA:36,27
DA:37,27
DA:38,27
DA:39,27
DA:42,6
DA:43,3
DA:44,0
DA:45,0
DA:49,6
DA:50,3
DA:51,2
DA:52,2
DA:56,6
DA:58,6
DA:59,1
DA:62,6
DA:65,6
DA:68,6
DA:69,5
DA:72,6
DA:73,6
LF:33
LH:31
BRDA:,0,0,0
BRDA:,0,1,6
BRDA:,1,0,6
BRDA:,1,1,6
BRDA:,2,0,0
BRDA:,2,1,27
BRDA:,3,0,0
BRDA:,3,1,27
BRDA:,4,0,27
BRDA:,4,1,0
BRDA:,5,0,27
BRDA:,5,1,27
BRDA:,5,2,0
BRDA:,6,0,0
BRDA:,6,1,6
BRDA:,7,0,6
BRDA:,7,1,0
BRDA:,8,0,6
BRDA:,8,1,6
BRDA:,9,0,6
BRDA:,9,1,0
BRDA:,10,0,6
BRDA:,10,1,0
BRDA:,11,0,0
BRDA:,11,1,3
BRDA:,12,0,2
BRDA:,12,1,1
BRF:27
BRH:17
end_of_record
TN:
SF:/Users/bruno/workspace/player/clappr/src/base/core_plugin.js
FN:,_interopRequireDefault
FN:,_classCallCheck
FN:,_possibleConstructorReturn
FN:,_inherits
FN:,(anonymous_4)
FN:,CorePlugin
FN:,bindEvents
FN:,enable
FN:,disable
FN:,getExternalInterface
FN:,destroy
FN:,(anonymous_11)
FNF:12
FNH:12
FNDA:5,_interopRequireDefault
FNDA:19,_classCallCheck
FNDA:19,_possibleConstructorReturn
FNDA:5,_inherits
FNDA:5,(anonymous_4)
FNDA:19,CorePlugin
FNDA:15,bindEvents
FNDA:3,enable
FNDA:4,disable
FNDA:4,getExternalInterface
FNDA:1,destroy
FNDA:3,(anonymous_11)
DA:3,5
DA:7,5
DA:9,5
DA:11,5
DA:13,5
DA:15,19
DA:17,19
DA:19,5
DA:21,5
DA:22,5
DA:25,19
DA:27,19
DA:29,19
DA:30,19
DA:31,19
DA:32,19
DA:35,5
DA:37,5
DA:38,3
DA:39,0
DA:40,0
DA:44,5
DA:45,4
DA:46,3
DA:47,3
DA:51,5
DA:52,4
DA:55,5
DA:56,1
DA:59,5
DA:62,5
DA:65,5
DA:66,3
DA:69,5
DA:70,5
LF:35
LH:33
BRDA:,0,0,0
BRDA:,0,1,5
BRDA:,1,0,5
BRDA:,1,1,5
BRDA:,2,0,0
BRDA:,2,1,19
BRDA:,3,0,0
BRDA:,3,1,19
BRDA:,4,0,19
BRDA:,4,1,0
BRDA:,5,0,19
BRDA:,5,1,19
BRDA:,5,2,0
BRDA:,6,0,0
BRDA:,6,1,5
BRDA:,7,0,5
BRDA:,7,1,0
BRDA:,8,0,5
BRDA:,8,1,5
BRDA:,9,0,5
BRDA:,9,1,0
BRDA:,10,0,5
BRDA:,10,1,0
BRDA:,11,0,0
BRDA:,11,1,3
BRDA:,12,0,3
BRDA:,12,1,1
BRF:27
BRH:17
end_of_record
TN:
SF:/Users/bruno/workspace/player/clappr/src/base/playback.js
FN:,(anonymous_0)
FN:,defineProperties
FN:,(anonymous_2)
FN:,_interopRequireDefault
FN:,_classCallCheck
FN:,_possibleConstructorReturn
FN:,_inherits
FN:,(anonymous_7)
FN:,get
FN:,get
FN:,get
FN:,get
FN:,Playback
FN:,consent
FN:,play
FN:,pause
FN:,stop
FN:,seek
FN:,seekPercentage
FN:,getStartTimeOffset
FN:,getDuration
FN:,isPlaying
FN:,getPlaybackType
FN:,isHighDefinitionInUse
FN:,volume
FN:,destroy
FN:,get
FN:,(anonymous_27)
FN:,(anonymous_28)
FNF:29
FNH:19
FNDA:14,(anonymous_0)
FNDA:28,defineProperties
FNDA:28,(anonymous_2)
FNDA:14,_interopRequireDefault
FNDA:99,_classCallCheck
FNDA:99,_possibleConstructorReturn
FNDA:14,_inherits
FNDA:14,(anonymous_7)
FNDA:1,get
FNDA:0,get
FNDA:0,get
FNDA:27,get
FNDA:99,Playback
FNDA:0,consent
FNDA:5,play
FNDA:0,pause
FNDA:0,stop
FNDA:0,seek
FNDA:0,seekPercentage
FNDA:0,getStartTimeOffset
FNDA:1,getDuration
FNDA:4,isPlaying
FNDA:2,getPlaybackType
FNDA:1,isHighDefinitionInUse
FNDA:0,volume
FNDA:2,destroy
FNDA:1,get
FNDA:3,(anonymous_27)
FNDA:0,(anonymous_28)
DA:3,14
DA:7,70
DA:9,14
DA:11,14
DA:13,14
DA:15,14
DA:17,99
DA:19,99
DA:21,14
DA:30,14
DA:31,14
DA:33,14
DA:42,1
DA:54,0
DA:66,0
DA:80,27
DA:92,99
DA:94,99
DA:96,99
DA:97,99
DA:98,99
DA:107,14
DA:115,14
DA:123,14
DA:131,14
DA:140,14
DA:149,14
DA:161,14
DA:162,0
DA:172,14
DA:173,1
DA:183,14
DA:184,4
DA:206,14
DA:207,2
DA:217,14
DA:218,1
DA:228,14
DA:236,14
DA:237,2
DA:240,14
DA:243,1
DA:247,14
DA:250,14
DA:253,14
DA:254,3
DA:267,14
DA:269,0
DA:279,14
DA:287,14
DA:295,14
DA:303,14
DA:311,14
DA:312,14
LF:54
LH:50
BRDA:,0,0,70
BRDA:,0,1,70
BRDA:,1,0,0
BRDA:,1,1,70
BRDA:,2,0,28
BRDA:,2,1,0
BRDA:,3,0,0
BRDA:,3,1,28
BRDA:,4,0,0
BRDA:,4,1,14
BRDA:,5,0,14
BRDA:,5,1,14
BRDA:,6,0,0
BRDA:,6,1,99
BRDA:,7,0,0
BRDA:,7,1,99
BRDA:,8,0,99
BRDA:,8,1,0
BRDA:,9,0,99
BRDA:,9,1,99
BRDA:,9,2,0
BRDA:,10,0,0
BRDA:,10,1,14
BRDA:,11,0,14
BRDA:,11,1,0
BRDA:,12,0,14
BRDA:,12,1,14
BRDA:,13,0,14
BRDA:,13,1,0
BRDA:,14,0,14
BRDA:,14,1,0
BRF:31
BRH:19
end_of_record
TN:
SF:/Users/bruno/workspace/player/clappr/src/base/ui_object.js
FN:,(anonymous_0)
FN:,defineProperties
FN:,(anonymous_2)
FN:,_interopRequireDefault
FN:,_classCallCheck
FN:,_possibleConstructorReturn
FN:,_inherits
FN:,(anonymous_7)
FN:,get
FN:,get
FN:,get
FN:,UIObject
FN:,$
FN:,render
FN:,remove
FN:,setElement
FN:,delegateEvents
FN:,undelegateEvents
FN:,_ensureElement
FNF:19
FNH:18
FNDA:18,(anonymous_0)
FNDA:18,defineProperties
FNDA:18,(anonymous_2)
FNDA:54,_interopRequireDefault
FNDA:220,_classCallCheck
FNDA:220,_possibleConstructorReturn
FNDA:18,_inherits
FNDA:18,(anonymous_7)
FNDA:181,get
FNDA:103,get
FNDA:90,get
FNDA:220,UIObject
FNDA:1,$
FNDA:0,render
FNDA:4,remove
FNDA:214,setElement
FNDA:224,delegateEvents
FNDA:232,undelegateEvents
FNDA:220,_ensureElement
DA:3,18
DA:7,54
DA:9,18
DA:11,18
DA:13,18
DA:15,18
DA:17,18
DA:19,18
DA:21,18
DA:23,54
DA:25,220
DA:27,220
DA:29,18
DA:33,18
DA:43,18
DA:44,18
DA:46,18
DA:75,181
DA:101,103
DA:124,90
DA:139,220
DA:141,220
DA:143,220
DA:144,220
DA:145,220
DA:146,220
DA:161,18
DA:162,1
DA:172,18
DA:173,0
DA:183,18
DA:184,4
DA:185,4
DA:186,4
DA:187,4
DA:199,18
DA:200,214
DA:201,4
DA:203,214
DA:204,214
DA:205,214
DA:206,4
DA:208,214
DA:219,18
DA:220,224
DA:221,0
DA:223,224
DA:224,224
DA:225,1130
DA:226,1130
DA:227,1130
DA:229,1130
DA:230,0
DA:233,1130
DA:234,1130
DA:235,1130
DA:237,1130
DA:238,1130
DA:239,823
DA:241,307
DA:244,224
DA:254,18
DA:255,232
DA:256,232
DA:266,18
DA:267,220
DA:268,220
DA:269,220
DA:270,0
DA:272,220
DA:273,0
DA:275,220
DA:276,220
DA:278,0
DA:282,18
DA:285,18
DA:286,18
LF:77
LH:71
BRDA:,0,0,54
BRDA:,0,1,54
BRDA:,1,0,0
BRDA:,1,1,54
BRDA:,2,0,18
BRDA:,2,1,0
BRDA:,3,0,0
BRDA:,3,1,18
BRDA:,4,0,0
BRDA:,4,1,54
BRDA:,5,0,54
BRDA:,5,1,54
BRDA:,6,0,0
BRDA:,6,1,220
BRDA:,7,0,0
BRDA:,7,1,220
BRDA:,8,0,220
BRDA:,8,1,0
BRDA:,9,0,220
BRDA:,9,1,220
BRDA:,9,2,0
BRDA:,10,0,0
BRDA:,10,1,18
BRDA:,11,0,18
BRDA:,11,1,0
BRDA:,12,0,18
BRDA:,12,1,18
BRDA:,13,0,18
BRDA:,13,1,0
BRDA:,14,0,18
BRDA:,14,1,0
BRDA:,15,0,4
BRDA:,15,1,210
BRDA:,16,0,0
BRDA:,16,1,214
BRDA:,17,0,4
BRDA:,17,1,210
BRDA:,18,0,0
BRDA:,18,1,224
BRDA:,19,0,224
BRDA:,19,1,224
BRDA:,20,0,1130
BRDA:,20,1,0
BRDA:,21,0,1130
BRDA:,21,1,1130
BRDA:,22,0,0
BRDA:,22,1,1130
BRDA:,23,0,823
BRDA:,23,1,307
BRDA:,24,0,220
BRDA:,24,1,0
BRDA:,25,0,0
BRDA:,25,1,220
BRDA:,26,0,0
BRDA:,26,1,220
BRF:55
BRH:36
end_of_record
TN:
SF:/Users/bruno/workspace/player/clappr/src/base/ui_container_plugin.js
FN:,_interopRequireDefault
FN:,_classCallCheck
FN:,_possibleConstructorReturn
FN:,_inherits
FN:,(anonymous_4)
FN:,UIContainerPlugin
FN:,enable
FN:,disable
FN:,bindEvents
FN:,destroy
FN:,(anonymous_10)
FNF:11
FNH:11
FNDA:5,_interopRequireDefault
FNDA:23,_classCallCheck
FNDA:23,_possibleConstructorReturn
FNDA:5,_inherits
FNDA:5,(anonymous_4)
FNDA:23,UIContainerPlugin
FNDA:1,enable
FNDA:1,disable
FNDA:8,bindEvents
FNDA:1,destroy
FNDA:1,(anonymous_10)
DA:3,5
DA:7,5
DA:9,5
DA:11,5
DA:13,5
DA:15,23
DA:17,23
DA:19,5
DA:30,5
DA:31,5
DA:34,23
DA:36,23
DA:38,23
DA:39,23
DA:40,23
DA:41,23
DA:44,5
DA:45,1
DA:46,1
DA:47,1
DA:48,1
DA:52,5
DA:53,1
DA:54,1
DA:55,1
DA:58,5
DA:60,5
DA:61,1
DA:64,5
DA:67,5
DA:70,5
DA:71,1
DA:74,5
DA:75,5
LF:34
LH:34
BRDA:,0,0,0
BRDA:,0,1,5
BRDA:,1,0,5
BRDA:,1,1,5
BRDA:,2,0,0
BRDA:,2,1,23
BRDA:,3,0,0
BRDA:,3,1,23
BRDA:,4,0,23
BRDA:,4,1,0
BRDA:,5,0,23
BRDA:,5,1,23
BRDA:,5,2,0
BRDA:,6,0,0
BRDA:,6,1,5
BRDA:,7,0,5
BRDA:,7,1,0
BRDA:,8,0,5
BRDA:,8,1,5
BRDA:,9,0,5
BRDA:,9,1,0
BRDA:,10,0,5
BRDA:,10,1,0
BRDA:,11,0,1
BRDA:,11,1,0
BRF:25
BRH:15
end_of_record
TN:
SF:/Users/bruno/workspace/player/clappr/src/base/ui_core_plugin.js
FN:,_interopRequireDefault
FN:,_classCallCheck
FN:,_possibleConstructorReturn
FN:,_inherits
FN:,(anonymous_4)
FN:,UICorePlugin
FN:,bindEvents
FN:,getExternalInterface
FN:,enable
FN:,disable
FN:,destroy
FN:,render
FN:,(anonymous_12)
FNF:13
FNH:13
FNDA:4,_interopRequireDefault
FNDA:8,_classCallCheck
FNDA:8,_possibleConstructorReturn
FNDA:4,_inherits
FNDA:4,(anonymous_4)
FNDA:8,UICorePlugin
FNDA:6,bindEvents
FNDA:2,getExternalInterface
FNDA:1,enable
FNDA:1,disable
FNDA:1,destroy
FNDA:1,render
FNDA:1,(anonymous_12)
DA:3,4
DA:7,4
DA:9,4
DA:11,4
DA:13,4
DA:15,8
DA:17,8
DA:19,4
DA:21,4
DA:22,4
DA:25,8
DA:27,8
DA:29,8
DA:30,8
DA:31,8
DA:32,8
DA:33,8
DA:36,4
DA:38,4
DA:39,2
DA:42,4
DA:43,1
DA:44,1
DA:45,1
DA:46,1
DA:50,4
DA:51,1
DA:52,1
DA:53,1
DA:56,4
DA:57,1
DA:60,4
DA:61,1
DA:64,4
DA:67,4
DA:70,4
DA:71,1
DA:74,4
DA:75,4
LF:39
LH:39
BRDA:,0,0,0
BRDA:,0,1,4
BRDA:,1,0,4
BRDA:,1,1,4
BRDA:,2,0,0
BRDA:,2,1,8
BRDA:,3,0,0
BRDA:,3,1,8
BRDA:,4,0,8
BRDA:,4,1,0
BRDA:,5,0,8
BRDA:,5,1,8
BRDA:,5,2,0
BRDA:,6,0,0
BRDA:,6,1,4
BRDA:,7,0,4
BRDA:,7,1,0
BRDA:,8,0,4
BRDA:,8,1,4
BRDA:,9,0,4
BRDA:,9,1,0
BRDA:,10,0,4
BRDA:,10,1,0
BRDA:,11,0,1
BRDA:,11,1,0
BRF:25
BRH:15
end_of_record
TN:
SF:/Users/bruno/workspace/player/clappr/src/components/container_factory/index.js
FNF:0
FNH:0
DA:3,3
LF:1
LH:1
BRF:0
BRH:0
end_of_record
TN:
SF:/Users/bruno/workspace/player/clappr/src/components/container_factory/container_factory.js
FN:,(anonymous_0)
FN:,defineProperties
FN:,(anonymous_2)
FN:,_interopRequireDefault
FN:,_classCallCheck
FN:,_possibleConstructorReturn
FN:,_inherits
FN:,(anonymous_7)
FN:,get
FN:,set
FN:,ContainerFactory
FN:,createContainers
FN:,(anonymous_12)
FN:,(anonymous_13)
FN:,findPlaybackPlugin
FN:,(anonymous_15)
FN:,createContainer
FN:,(anonymous_17)
FN:,addContainerPlugins
FN:,(anonymous_19)
FNF:20
FNH:20
FNDA:3,(anonymous_0)
FNDA:3,defineProperties
FNDA:3,(anonymous_2)
FNDA:15,_interopRequireDefault
FNDA:3,_classCallCheck
FNDA:3,_possibleConstructorReturn
FNDA:3,_inherits
FNDA:3,(anonymous_7)
FNDA:6,get
FNDA:1,set
FNDA:3,ContainerFactory
FNDA:1,createContainers
FNDA:1,(anonymous_12)
FNDA:1,(anonymous_13)
FNDA:2,findPlaybackPlugin
FNDA:8,(anonymous_15)
FNDA:1,createContainer
FNDA:1,(anonymous_17)
FNDA:1,addContainerPlugins
FNDA:6,(anonymous_19)
DA:3,3
DA:7,3
DA:9,3
DA:11,3
DA:13,3
DA:15,3
DA:17,3
DA:19,3
DA:21,3
DA:23,3
DA:25,3
DA:27,3
DA:29,15
DA:31,3
DA:33,3
DA:35,3
DA:43,3
DA:44,3
DA:46,3
DA:49,6
DA:52,1
DA:57,3
DA:59,3
DA:61,3
DA:62,3
DA:63,3
DA:66,3
DA:67,1
DA:69,1
DA:70,1
DA:71,1
DA:76,3
DA:77,2
DA:78,8
DA:82,3
DA:83,1
DA:84,1
DA:85,1
DA:86,0
DA:87,0
DA:88,0
DA:91,1
DA:94,1
DA:96,1
DA:100,1
DA:101,1
DA:103,1
DA:105,1
DA:106,1
DA:107,1
DA:108,1
DA:109,1
DA:110,1
DA:112,1
DA:115,3
DA:116,1
DA:117,6
DA:121,3
DA:124,3
DA:125,3
LF:60
LH:57
BRDA:,0,0,3
BRDA:,0,1,3
BRDA:,1,0,0
BRDA:,1,1,3
BRDA:,2,0,3
BRDA:,2,1,0
BRDA:,3,0,0
BRDA:,3,1,3
BRDA:,4,0,0
BRDA:,4,1,15
BRDA:,5,0,15
BRDA:,5,1,15
BRDA:,6,0,0
BRDA:,6,1,3
BRDA:,7,0,0
BRDA:,7,1,3
BRDA:,8,0,3
BRDA:,8,1,0
BRDA:,9,0,3
BRDA:,9,1,3
BRDA:,9,2,0
BRDA:,10,0,0
BRDA:,10,1,3
BRDA:,11,0,3
BRDA:,11,1,0
BRDA:,12,0,3
BRDA:,12,1,3
BRDA:,13,0,3
BRDA:,13,1,0
BRDA:,14,0,3
BRDA:,14,1,0
BRDA:,15,0,0
BRDA:,15,1,1
BRDA:,16,0,0
BRDA:,16,1,0
BRDA:,17,0,0
BRDA:,17,1,1
BRF:37
BRH:21
end_of_record
TN:
SF:/Users/bruno/workspace/player/clappr/src/components/container/index.js
FNF:0
FNH:0
DA:3,8
LF:1
LH:1
BRF:0
BRH:0
end_of_record
TN:
SF:/Users/bruno/workspace/player/clappr/src/components/container/container.js
FN:,(anonymous_0)
FN:,defineProperties
FN:,(anonymous_2)
FN:,_interopRequireDefault
FN:,_classCallCheck
FN:,_possibleConstructorReturn
FN:,_inherits
FN:,(anonymous_7)
FN:,get
FN:,get
FN:,get
FN:,get
FN:,get
FN:,get
FN:,Container
FN:,bindEvents
FN:,playbackStateChanged
FN:,playbackDvrStateChanged
FN:,updateBitrate
FN:,statsReport
FN:,getPlaybackType
FN:,isDvrEnabled
FN:,isDvrInUse
FN:,destroy
FN:,(anonymous_24)
FN:,setStyle
FN:,animate
FN:,ready
FN:,isPlaying
FN:,getStartTimeOffset
FN:,getCurrentTime
FN:,getDuration
FN:,error
FN:,loadedMetadata
FN:,timeUpdated
FN:,progress
FN:,playing
FN:,paused
FN:,play
FN:,stop
FN:,pause
FN:,onEnded
FN:,stopped
FN:,clicked
FN:,dblClicked
FN:,onContextMenu
FN:,seek
FN:,seekPercentage
FN:,setVolume
FN:,fullscreen
FN:,onBuffering
FN:,bufferfull
FN:,addPlugin
FN:,hasPlugin
FN:,getPlugin
FN:,(anonymous_55)
FN:,mouseEnter
FN:,mouseLeave
FN:,settingsUpdate
FN:,highDefinitionUpdate
FN:,isHighDefinitionInUse
FN:,disableMediaControl
FN:,enableMediaControl
FN:,updateStyle
FN:,configure
FN:,render
FNF:66
FNH:39
FNDA:8,(anonymous_0)
FNDA:8,defineProperties
FNDA:8,(anonymous_2)
FNDA:40,_interopRequireDefault
FNDA:54,_classCallCheck
FNDA:54,_possibleConstructorReturn
FNDA:8,_inherits
FNDA:8,(anonymous_7)
FNDA:117,get
FNDA:54,get
FNDA:54,get
FNDA:0,get
FNDA:30,get
FNDA:0,get
FNDA:54,Container
FNDA:66,bindEvents
FNDA:0,playbackStateChanged
FNDA:0,playbackDvrStateChanged
FNDA:0,updateBitrate
FNDA:0,statsReport
FNDA:16,getPlaybackType
FNDA:0,isDvrEnabled
FNDA:1,isDvrInUse
FNDA:1,destroy
FNDA:2,(anonymous_24)
FNDA:0,setStyle
FNDA:0,animate
FNDA:3,ready
FNDA:6,isPlaying
FNDA:0,getStartTimeOffset
FNDA:0,getCurrentTime
FNDA:0,getDuration
FNDA:1,error
FNDA:2,loadedMetadata
FNDA:2,timeUpdated
FNDA:2,progress
FNDA:3,playing
FNDA:0,paused
FNDA:5,play
FNDA:0,stop
FNDA:0,pause
FNDA:2,onEnded
FNDA:0,stopped
FNDA:0,clicked
FNDA:0,dblClicked
FNDA:0,onContextMenu
FNDA:0,seek
FNDA:0,seekPercentage
FNDA:2,setVolume
FNDA:0,fullscreen
FNDA:14,onBuffering
FNDA:14,bufferfull
FNDA:29,addPlugin
FNDA:0,hasPlugin
FNDA:1,getPlugin
FNDA:2,(anonymous_55)
FNDA:0,mouseEnter
FNDA:0,mouseLeave
FNDA:2,settingsUpdate
FNDA:2,highDefinitionUpdate
FNDA:0,isHighDefinitionInUse
FNDA:33,disableMediaControl
FNDA:2,enableMediaControl
FNDA:1,updateStyle
FNDA:0,configure
FNDA:1,render
DA:3,8
DA:7,48
DA:9,8
DA:11,8
DA:13,8
DA:15,8
DA:17,8
DA:19,8
DA:21,8
DA:23,8
DA:25,8
DA:27,8
DA:29,40
DA:31,54
DA:33,54
DA:35,8
DA:51,8
DA:52,8
DA:54,8
DA:64,117
DA:69,54
DA:74,54
DA:93,0
DA:107,30
DA:119,0
DA:132,54
DA:134,54
DA:136,54
DA:137,54
DA:138,54
DA:139,54
DA:140,54
DA:141,54
DA:142,54
DA:143,54
DA:144,54
DA:145,54
DA:178,8
DA:179,66
DA:180,66
DA:181,66
DA:182,66
DA:183,66
DA:184,66
DA:185,66
DA:186,66
DA:187,66
DA:188,66
DA:189,66
DA:190,66
DA:191,66
DA:192,66
DA:193,66
DA:194,66
DA:195,66
DA:196,66
DA:199,8
DA:200,0
DA:203,8
DA:204,0
DA:205,0
DA:206,0
DA:209,8
DA:210,0
DA:213,8
DA:214,0
DA:217,8
DA:218,16
DA:228,8
DA:229,0
DA:239,8
DA:240,1
DA:249,8
DA:250,1
DA:251,1
DA:252,1
DA:253,2
DA:255,1
DA:258,8
DA:259,0
DA:262,8
DA:263,0
DA:266,8
DA:267,3
DA:268,3
DA:271,8
DA:272,6
DA:275,8
DA:276,0
DA:279,8
DA:280,0
DA:283,8
DA:284,0
DA:287,8
DA:288,1
DA:289,0
DA:291,1
DA:294,8
DA:295,2
DA:298,8
DA:299,2
DA:300,2
DA:303,8
DA:304,2
DA:305,2
DA:308,2
DA:311,8
DA:312,3
DA:315,8
DA:316,0
DA:325,8
DA:326,5
DA:335,8
DA:336,0
DA:337,0
DA:346,8
DA:347,0
DA:350,8
DA:351,2
DA:352,2
DA:355,8
DA:356,0
DA:359,8
DA:360,0
DA:361,0
DA:365,8
DA:366,0
DA:367,0
DA:371,8
DA:372,0
DA:373,0
DA:377,8
DA:378,0
DA:379,0
DA:382,8
DA:383,0
DA:384,0
DA:385,0
DA:386,0
DA:390,8
DA:391,2
DA:392,2
DA:393,2
DA:396,8
DA:397,0
DA:400,8
DA:401,14
DA:404,8
DA:405,14
DA:415,8
DA:416,29
DA:427,8
DA:428,0
DA:438,8
DA:439,1
DA:440,2
DA:444,8
DA:445,0
DA:446,0
DA:450,8
DA:451,0
DA:452,0
DA:456,8
DA:457,2
DA:458,2
DA:461,8
DA:462,2
DA:465,8
DA:466,0
DA:469,8
DA:470,33
DA:471,15
DA:472,15
DA:476,8
DA:477,2
DA:478,0
DA:479,0
DA:483,8
DA:484,1
DA:485,1
DA:487,0
DA:498,8
DA:499,0
DA:500,0
DA:501,0
DA:504,8
DA:505,1
DA:506,1
DA:507,1
DA:508,1
DA:509,1
DA:512,8
DA:515,8
DA:516,8
LF:194
LH:149
BRDA:,0,0,48
BRDA:,0,1,48
BRDA:,1,0,0
BRDA:,1,1,48
BRDA:,2,0,8
BRDA:,2,1,0
BRDA:,3,0,0
BRDA:,3,1,8
BRDA:,4,0,0
BRDA:,4,1,40
BRDA:,5,0,40
BRDA:,5,1,40
BRDA:,6,0,0
BRDA:,6,1,54
BRDA:,7,0,0
BRDA:,7,1,54
BRDA:,8,0,54
BRDA:,8,1,0
BRDA:,9,0,54
BRDA:,9,1,54
BRDA:,9,2,0
BRDA:,10,0,0
BRDA:,10,1,8
BRDA:,11,0,8
BRDA:,11,1,0
BRDA:,12,0,8
BRDA:,12,1,8
BRDA:,13,0,8
BRDA:,13,1,0
BRDA:,14,0,8
BRDA:,14,1,0
BRDA:,15,0,0
BRDA:,15,1,1
BRDA:,16,0,0
BRDA:,16,1,0
BRDA:,17,0,0
BRDA:,17,1,0
BRDA:,18,0,0
BRDA:,18,1,0
BRDA:,19,0,0
BRDA:,19,1,0
BRDA:,20,0,0
BRDA:,20,1,0
BRDA:,21,0,0
BRDA:,21,1,0
BRDA:,22,0,0
BRDA:,22,1,0
BRDA:,23,0,0
BRDA:,23,1,0
BRDA:,24,0,0
BRDA:,24,1,0
BRDA:,25,0,0
BRDA:,25,1,0
BRDA:,26,0,0
BRDA:,26,1,0
BRDA:,27,0,0
BRDA:,27,1,0
BRDA:,28,0,15
BRDA:,28,1,18
BRDA:,29,0,0
BRDA:,29,1,2
BRDA:,30,0,1
BRDA:,30,1,0
BRDA:,31,0,1
BRDA:,31,1,0
BRF:65
BRH:25
end_of_record
TN:
SF:/Users/bruno/workspace/player/clappr/src/base/styler.js
FN:,_interopRequireDefault
FN:,getStyleFor
FNF:2
FNH:2
FNDA:28,_interopRequireDefault
FNDA:30,getStyleFor
DA:3,14
DA:7,14
DA:9,14
DA:11,14
DA:13,14
DA:15,28
DA:21,14
DA:23,30
DA:25,30
DA:29,14
DA:30,14
LF:11
LH:11
BRDA:,0,0,0
BRDA:,0,1,28
BRDA:,1,0,28
BRDA:,1,1,28
BRDA:,2,0,21
BRDA:,2,1,9
BRDA:,3,0,30
BRDA:,3,1,21
BRF:8
BRH:7
end_of_record
TN:
SF:/Users/bruno/workspace/player/clappr/src/base/template.js
FN:,escapeExpr
FN:,(anonymous_1)
FN:,tmpl
FN:,(anonymous_3)
FN:,(anonymous_4)
FN:,template
FNF:6
FNH:4
FNDA:0,escapeExpr
FNDA:0,(anonymous_1)
FNDA:55,tmpl
FNDA:253,(anonymous_3)
FNDA:3031,(anonymous_4)
FNDA:55,template
DA:11,14
DA:20,14
DA:24,14
DA:34,14
DA:37,14
DA:45,14
DA:47,14
DA:48,0
DA:49,0
DA:51,0
DA:52,0
DA:56,14
DA:61,14
DA:65,55
DA:68,55
DA:69,55
DA:70,55
DA:71,253
DA:72,3031
DA:75,253
DA:76,0
DA:78,253
DA:79,83
DA:81,253
DA:82,115
DA:84,253
DA:85,253
DA:87,55
DA:90,55
DA:91,55
DA:94,55
DA:96,55
DA:99,55
DA:101,0
DA:102,0
DA:105,55
DA:106,0
DA:108,55
DA:109,55
DA:113,55
DA:115,55
DA:117,14
DA:119,14
LF:43
LH:35
BRDA:,0,0,0
BRDA:,0,1,0
BRDA:,1,0,55
BRDA:,1,1,0
BRDA:,2,0,55
BRDA:,2,1,0
BRDA:,3,0,55
BRDA:,3,1,0
BRDA:,4,0,0
BRDA:,4,1,253
BRDA:,5,0,83
BRDA:,5,1,170
BRDA:,6,0,115
BRDA:,6,1,138
BRDA:,7,0,55
BRDA:,7,1,0
BRDA:,8,0,55
BRDA:,8,1,55
BRDA:,9,0,0
BRDA:,9,1,55
BRDA:,10,0,55
BRDA:,10,1,55
BRF:22
BRH:14
end_of_record
TN:
SF:/Users/bruno/workspace/player/clappr/src/components/loader/index.js
FNF:0
FNH:0
DA:3,3
LF:1
LH:1
BRF:0
BRH:0
end_of_record
TN:
SF:/Users/bruno/workspace/player/clappr/src/components/loader/loader.js
FN:,_interopRequireDefault
FN:,_classCallCheck
FN:,_possibleConstructorReturn
FN:,_inherits
FN:,(anonymous_4)
FN:,Loader
FN:,groupPluginsByType
FN:,(anonymous_7)
FN:,addExternalPlugins
FN:,pluginName
FN:,validateExternalPluginsType
FN:,(anonymous_11)
FN:,(anonymous_12)
FNF:13
FNH:13
FNDA:66,_interopRequireDefault
FNDA:6,_classCallCheck
FNDA:6,_possibleConstructorReturn
FNDA:3,_inherits
FNDA:3,(anonymous_4)
FNDA:6,Loader
FNDA:7,groupPluginsByType
FNDA:3,(anonymous_7)
FNDA:7,addExternalPlugins
FNDA:58,pluginName
FNDA:9,validateExternalPluginsType
FNDA:19,(anonymous_11)
FNDA:8,(anonymous_12)
DA:3,3
DA:7,3
DA:9,3
DA:11,3
DA:13,3
DA:15,3
DA:17,3
DA:19,3
DA:21,3
DA:23,3
DA:25,3
DA:27,3
DA:29,3
DA:31,3
DA:33,3
DA:35,3
DA:37,3
DA:39,3
DA:41,3
DA:43,3
DA:45,3
DA:47,3
DA:49,3
DA:51,3
DA:53,3
DA:55,3
DA:57,3
DA:59,3
DA:61,3
DA:63,3
DA:65,3
DA:67,3
DA:69,3
DA:71,3
DA:73,3
DA:75,3
DA:77,3
DA:79,3
DA:81,3
DA:83,3
DA:85,3
DA:87,3
DA:89,3
DA:91,3
DA:93,3
DA:95,66
DA:97,6
DA:99,6
DA:101,3
DA:121,3
DA:122,3
DA:131,6
DA:133,6
DA:135,6
DA:136,6
DA:137,6
DA:138,6
DA:139,6
DA:140,1
DA:141,1
DA:143,1
DA:145,6
DA:157,3
DA:158,7
DA:159,1
DA:160,3
DA:161,3
DA:162,3
DA:165,7
DA:176,3
DA:177,7
DA:178,7
DA:179,58
DA:181,7
DA:182,2
DA:184,7
DA:185,4
DA:187,7
DA:188,2
DA:190,7
DA:201,3
DA:202,9
DA:203,9
DA:204,19
DA:205,8
DA:206,8
DA:207,8
DA:213,3
DA:216,3
DA:217,3
LF:90
LH:90
BRDA:,0,0,0
BRDA:,0,1,66
BRDA:,1,0,66
BRDA:,1,1,66
BRDA:,2,0,0
BRDA:,2,1,6
BRDA:,3,0,0
BRDA:,3,1,6
BRDA:,4,0,6
BRDA:,4,1,0
BRDA:,5,0,6
BRDA:,5,1,6
BRDA:,5,2,0
BRDA:,6,0,0
BRDA:,6,1,3
BRDA:,7,0,3
BRDA:,7,1,0
BRDA:,8,0,3
BRDA:,8,1,3
BRDA:,9,0,3
BRDA:,9,1,0
BRDA:,10,0,3
BRDA:,10,1,0
BRDA:,11,0,1
BRDA:,11,1,5
BRDA:,12,0,1
BRDA:,12,1,0
BRDA:,13,0,1
BRDA:,13,1,6
BRDA:,14,0,3
BRDA:,14,1,3
BRDA:,15,0,2
BRDA:,15,1,5
BRDA:,16,0,4
BRDA:,16,1,3
BRDA:,17,0,2
BRDA:,17,1,5
BRDA:,18,0,19
BRDA:,18,1,11
BRDA:,19,0,8
BRDA:,19,1,0
BRF:41
BRH:30
end_of_record
TN:
SF:/Users/bruno/workspace/player/clappr/src/components/player_info.js
FN:,_classCallCheck
FN:,PlayerInfo
FN:,(anonymous_2)
FNF:3
FNH:3
FNDA:10,_classCallCheck
FNDA:10,PlayerInfo
FNDA:17,(anonymous_2)
DA:3,3
DA:7,10
DA:13,3
DA:14,10
DA:16,10
DA:17,10
DA:18,10
DA:21,3
DA:23,3
DA:24,17
DA:27,3
DA:28,3
LF:12
LH:12
BRDA:,0,0,0
BRDA:,0,1,10
BRDA:,1,0,17
BRDA:,1,1,10
BRF:4
BRH:3
end_of_record
TN:
SF:/Users/bruno/workspace/player/clappr/src/playbacks/html5_video/index.js
FNF:0
FNH:0
DA:3,6
LF:1
LH:1
BRF:0
BRH:0
end_of_record
TN:
SF:/Users/bruno/workspace/player/clappr/src/playbacks/html5_video/html5_video.js
FN:,(anonymous_0)
FN:,defineProperties
FN:,(anonymous_2)
FN:,_interopRequireDefault
FN:,_classCallCheck
FN:,_possibleConstructorReturn
FN:,_inherits
FN:,_toConsumableArray
FN:,(anonymous_8)
FN:,(anonymous_9)
FN:,(anonymous_10)
FN:,get
FN:,get
FN:,get
FN:,get
FN:,get
FN:,get
FN:,get
FN:,HTML5Video
FN:,(anonymous_19)
FN:,_setupSrc
FN:,_onLoadedMetadata
FN:,_onDurationChange
FN:,_updateSettings
FN:,isSeekEnabled
FN:,getPlaybackType
FN:,isHighDefinitionInUse
FN:,consent
FN:,play
FN:,pause
FN:,stop
FN:,volume
FN:,mute
FN:,unmute
FN:,isMuted
FN:,isPlaying
FN:,_startPlayheadMovingChecks
FN:,_stopPlayheadMovingChecks
FN:,_determineIfPlayheadMoving
FN:,_onWaiting
FN:,_onLoadedData
FN:,_onCanPlay
FN:,_onPlaying
FN:,_onPause
FN:,_onEnded
FN:,_handleBufferingEvents
FN:,_onError
FN:,destroy
FN:,seek
FN:,seekPercentage
FN:,_checkInitialSeek
FN:,getCurrentTime
FN:,getDuration
FN:,_onTimeUpdate
FN:,_onProgress
FN:,_typeFor
FN:,_ready
FN:,render
FN:,(anonymous_58)
FN:,get
FN:,(anonymous_60)
FN:,(anonymous_61)
FN:,(anonymous_62)
FN:,(anonymous_63)
FNF:64
FNH:39
FNDA:6,(anonymous_0)
FNDA:12,defineProperties
FNDA:12,(anonymous_2)
FNDA:36,_interopRequireDefault
FNDA:29,_classCallCheck
FNDA:29,_possibleConstructorReturn
FNDA:6,_inherits
FNDA:55,_toConsumableArray
FNDA:42,(anonymous_8)
FNDA:24,(anonymous_9)
FNDA:6,(anonymous_10)
FNDA:46,get
FNDA:45,get
FNDA:49,get
FNDA:29,get
FNDA:32,get
FNDA:0,get
FNDA:3,get
FNDA:29,HTML5Video
FNDA:1,(anonymous_19)
FNDA:26,_setupSrc
FNDA:0,_onLoadedMetadata
FNDA:7,_onDurationChange
FNDA:0,_updateSettings
FNDA:0,isSeekEnabled
FNDA:7,getPlaybackType
FNDA:0,isHighDefinitionInUse
FNDA:0,consent
FNDA:4,play
FNDA:1,pause
FNDA:1,stop
FNDA:2,volume
FNDA:0,mute
FNDA:0,unmute
FNDA:0,isMuted
FNDA:4,isPlaying
FNDA:0,_startPlayheadMovingChecks
FNDA:1,_stopPlayheadMovingChecks
FNDA:0,_determineIfPlayheadMoving
FNDA:3,_onWaiting
FNDA:0,_onLoadedData
FNDA:0,_onCanPlay
FNDA:0,_onPlaying
FNDA:0,_onPause
FNDA:0,_onEnded
FNDA:8,_handleBufferingEvents
FNDA:6,_onError
FNDA:0,destroy
FNDA:0,seek
FNDA:0,seekPercentage
FNDA:0,_checkInitialSeek
FNDA:0,getCurrentTime
FNDA:0,getDuration
FNDA:0,_onTimeUpdate
FNDA:3,_onProgress
FNDA:0,_typeFor
FNDA:4,_ready
FNDA:3,render
FNDA:0,(anonymous_58)
FNDA:2,get
FNDA:76,(anonymous_60)
FNDA:27,(anonymous_61)
FNDA:30,(anonymous_62)
FNDA:13,(anonymous_63)
DA:3,6
DA:7,48
DA:9,6
DA:11,6
DA:13,6
DA:15,6
DA:17,6
DA:19,6
DA:21,6
DA:23,6
DA:25,6
DA:27,6
DA:29,6
DA:31,6
DA:33,6
DA:35,36
DA:37,29
DA:39,29
DA:41,6
DA:43,84
DA:47,6
DA:49,42
DA:57,6
DA:58,6
DA:60,6
DA:67,6
DA:68,24
DA:73,6
DA:74,6
DA:76,6
DA:79,46
DA:84,45
DA:89,49
DA:90,49
DA:91,49
DA:96,29
DA:103,32
DA:131,0
DA:145,3
DA:150,29
DA:152,29
DA:153,30
DA:156,29
DA:158,29
DA:159,29
DA:160,29
DA:161,29
DA:162,29
DA:163,29
DA:165,29
DA:166,29
DA:168,29
DA:169,29
DA:171,29
DA:172,29
DA:173,0
DA:174,0
DA:175,0
DA:176,0
DA:180,29
DA:189,29
DA:192,29
DA:193,29
DA:194,29
DA:197,29
DA:198,1
DA:200,29
DA:211,6
DA:212,26
DA:213,3
DA:215,23
DA:216,23
DA:219,6
DA:220,0
DA:221,0
DA:222,0
DA:223,0
DA:224,0
DA:225,0
DA:229,6
DA:230,7
DA:231,7
DA:233,7
DA:236,6
DA:239,0
DA:240,0
DA:242,0
DA:244,0
DA:245,0
DA:248,6
DA:249,0
DA:252,6
DA:253,7
DA:254,7
DA:257,6
DA:258,0
DA:265,6
DA:266,0
DA:269,6
DA:270,4
DA:271,4
DA:272,4
DA:273,4
DA:274,4
DA:277,6
DA:278,1
DA:281,6
DA:282,1
DA:283,1
DA:285,1
DA:286,1
DA:287,1
DA:288,1
DA:291,6
DA:292,2
DA:295,6
DA:296,0
DA:299,6
DA:300,0
DA:303,6
DA:304,0
DA:307,6
DA:308,4
DA:311,6
DA:312,0
DA:313,0
DA:315,0
DA:316,0
DA:317,0
DA:320,6
DA:321,1
DA:322,1
DA:324,0
DA:325,0
DA:326,0
DA:329,6
DA:330,0
DA:331,0
DA:332,0
DA:333,0
DA:334,0
DA:348,6
DA:349,3
DA:350,3
DA:361,6
DA:362,0
DA:363,0
DA:369,6
DA:370,0
DA:373,6
DA:374,0
DA:375,0
DA:376,0
DA:379,6
DA:380,0
DA:381,0
DA:382,0
DA:385,6
DA:386,0
DA:387,0
DA:397,6
DA:398,8
DA:399,8
DA:400,8
DA:401,6
DA:402,6
DA:403,3
DA:405,3
DA:410,6
DA:411,6
DA:414,6
DA:415,0
DA:416,0
DA:417,0
DA:418,0
DA:419,0
DA:422,6
DA:423,0
DA:426,6
DA:427,0
DA:428,0
DA:431,6
DA:432,0
DA:433,0
DA:434,0
DA:438,6
DA:439,0
DA:442,6
DA:443,0
DA:446,6
DA:447,0
DA:448,0
DA:449,0
DA:451,0
DA:455,6
DA:456,3
DA:457,0
DA:459,3
DA:460,3
DA:461,3
DA:462,7
DA:463,7
DA:464,3
DA:467,3
DA:472,3
DA:475,6
DA:476,0
DA:477,0
DA:478,0
DA:480,0
DA:481,0
DA:484,6
DA:485,4
DA:486,0
DA:488,4
DA:489,4
DA:492,6
DA:493,3
DA:495,3
DA:496,0
DA:497,0
DA:501,3
DA:502,3
DA:503,3
DA:506,6
DA:509,2
DA:513,6
DA:516,6
DA:519,6
DA:520,76
DA:521,76
DA:522,76
DA:525,6
DA:526,27
DA:527,27
DA:528,27
DA:529,30
DA:533,6
DA:534,13
DA:537,6
DA:538,6
LF:241
LH:169
BRDA:,0,0,48
BRDA:,0,1,48
BRDA:,1,0,0
BRDA:,1,1,48
BRDA:,2,0,12
BRDA:,2,1,0
BRDA:,3,0,0
BRDA:,3,1,12
BRDA:,4,0,0
BRDA:,4,1,36
BRDA:,5,0,36
BRDA:,5,1,36
BRDA:,6,0,0
BRDA:,6,1,29
BRDA:,7,0,0
BRDA:,7,1,29
BRDA:,8,0,29
BRDA:,8,1,0
BRDA:,9,0,29
BRDA:,9,1,29
BRDA:,9,2,0
BRDA:,10,0,0
BRDA:,10,1,6
BRDA:,11,0,6
BRDA:,11,1,0
BRDA:,12,0,6
BRDA:,12,1,6
BRDA:,13,0,6
BRDA:,13,1,0
BRDA:,14,0,6
BRDA:,14,1,0
BRDA:,15,0,55
BRDA:,15,1,0
BRDA:,16,0,10
BRDA:,16,1,35
BRDA:,17,0,49
BRDA:,17,1,28
BRDA:,17,2,45
BRDA:,17,3,45
BRDA:,18,0,29
BRDA:,18,1,21
BRDA:,19,0,21
BRDA:,19,1,0
BRDA:,20,0,29
BRDA:,20,1,29
BRDA:,21,0,29
BRDA:,21,1,29
BRDA:,22,0,0
BRDA:,22,1,29
BRDA:,23,0,0
BRDA:,23,1,29
BRDA:,24,0,0
BRDA:,24,1,0
BRDA:,25,0,0
BRDA:,25,1,0
BRDA:,26,0,29
BRDA:,26,1,29
BRDA:,27,0,29
BRDA:,27,1,28
BRDA:,27,2,1
BRDA:,28,0,29
BRDA:,28,1,1
BRDA:,29,0,29
BRDA:,29,1,1
BRDA:,30,0,1
BRDA:,30,1,1
BRDA:,31,0,3
BRDA:,31,1,23
BRDA:,32,0,0
BRDA:,32,1,0
BRDA:,33,0,0
BRDA:,33,1,0
BRDA:,34,0,0
BRDA:,34,1,0
BRDA:,35,0,0
BRDA:,35,1,0
BRDA:,36,0,0
BRDA:,36,1,0
BRDA:,37,0,0
BRDA:,37,1,7
BRDA:,38,0,0
BRDA:,38,1,7
BRDA:,39,0,0
BRDA:,39,1,0
BRDA:,40,0,4
BRDA:,40,1,1
BRDA:,41,0,0
BRDA:,41,1,0
BRDA:,42,0,1
BRDA:,42,1,0
BRDA:,43,0,8
BRDA:,43,1,8
BRDA:,44,0,8
BRDA:,44,1,3
BRDA:,44,2,3
BRDA:,44,3,3
BRDA:,44,4,3
BRDA:,44,5,0
BRDA:,45,0,6
BRDA:,45,1,2
BRDA:,46,0,3
BRDA:,46,1,3
BRDA:,47,0,0
BRDA:,47,1,0
BRDA:,48,0,0
BRDA:,48,1,0
BRDA:,49,0,0
BRDA:,49,1,3
BRDA:,50,0,3
BRDA:,50,1,4
BRDA:,51,0,7
BRDA:,51,1,4
BRDA:,52,0,0
BRDA:,52,1,0
BRDA:,53,0,0
BRDA:,53,1,0
BRDA:,54,0,0
BRDA:,54,1,4
BRDA:,55,0,0
BRDA:,55,1,3
BRDA:,56,0,76
BRDA:,56,1,7
BRDA:,57,0,76
BRDA:,57,1,63
BRDA:,57,2,57
BRDA:,57,3,48
BRDA:,58,0,63
BRDA:,58,1,13
BRDA:,59,0,13
BRDA:,59,1,8
BRF:130
BRH:81
end_of_record
TN:
SF:/Users/bruno/workspace/player/clappr/src/playbacks/flash/index.js
FNF:0
FNH:0
DA:3,3
LF:1
LH:1
BRF:0
BRH:0
end_of_record
TN:
SF:/Users/bruno/workspace/player/clappr/src/playbacks/flash/flash.js
FN:,(anonymous_0)
FN:,defineProperties
FN:,(anonymous_2)
FN:,_interopRequireDefault
FN:,_classCallCheck
FN:,_possibleConstructorReturn
FN:,_inherits
FN:,(anonymous_7)
FN:,get
FN:,get
FN:,get
FN:,get
FN:,Flash
FN:,_bootstrap
FN:,(anonymous_14)
FN:,_metadataLoaded
FN:,getPlaybackType
FN:,isHighDefinitionInUse
FN:,_updateTime
FN:,_addListeners
FN:,stopListening
FN:,_checkState
FN:,_progress
FN:,_firstPlay
FN:,(anonymous_24)
FN:,_checkInitialSeek
FN:,play
FN:,volume
FN:,(anonymous_28)
FN:,pause
FN:,stop
FN:,isPlaying
FN:,getDuration
FN:,seekPercentage
FN:,(anonymous_34)
FN:,seek
FN:,(anonymous_36)
FN:,destroy
FN:,get
FN:,(anonymous_39)
FNF:40
FNH:18
FNDA:4,(anonymous_0)
FNDA:8,defineProperties
FNDA:8,(anonymous_2)
FNDA:32,_interopRequireDefault
FNDA:2,_classCallCheck
FNDA:2,_possibleConstructorReturn
FNDA:4,_inherits
FNDA:4,(anonymous_7)
FNDA:12,get
FNDA:0,get
FNDA:0,get
FNDA:0,get
FNDA:2,Flash
FNDA:62,_bootstrap
FNDA:60,(anonymous_14)
FNDA:1,_metadataLoaded
FNDA:0,getPlaybackType
FNDA:0,isHighDefinitionInUse
FNDA:1,_updateTime
FNDA:2,_addListeners
FNDA:0,stopListening
FNDA:0,_checkState
FNDA:0,_progress
FNDA:0,_firstPlay
FNDA:0,(anonymous_24)
FNDA:0,_checkInitialSeek
FNDA:0,play
FNDA:0,volume
FNDA:0,(anonymous_28)
FNDA:0,pause
FNDA:0,stop
FNDA:0,isPlaying
FNDA:1,getDuration
FNDA:0,seekPercentage
FNDA:0,(anonymous_34)
FNDA:0,seek
FNDA:0,(anonymous_36)
FNDA:0,destroy
FNDA:2,get
FNDA:1,(anonymous_39)
DA:3,4
DA:7,20
DA:9,4
DA:11,4
DA:13,4
DA:15,4
DA:17,4
DA:19,4
DA:21,4
DA:23,4
DA:25,4
DA:27,4
DA:29,4
DA:31,4
DA:33,4
DA:35,4
DA:37,4
DA:39,4
DA:41,4
DA:43,32
DA:45,2
DA:47,2
DA:49,4
DA:53,4
DA:55,4
DA:56,4
DA:58,4
DA:61,12
DA:66,0
DA:78,0
DA:91,0
DA:96,2
DA:98,2
DA:99,2
DA:102,2
DA:104,2
DA:105,2
DA:106,2
DA:107,2
DA:108,2
DA:109,2
DA:110,2
DA:111,2
DA:112,2
DA:113,2
DA:116,4
DA:117,62
DA:119,62
DA:120,1
DA:121,1
DA:122,1
DA:123,0
DA:125,1
DA:126,1
DA:128,1
DA:129,1
DA:130,0
DA:132,1
DA:135,61
DA:136,61
DA:137,60
DA:138,60
DA:141,1
DA:146,4
DA:147,1
DA:148,1
DA:149,1
DA:152,4
DA:153,0
DA:156,4
DA:157,0
DA:160,4
DA:161,1
DA:164,4
DA:165,2
DA:166,2
DA:167,2
DA:168,2
DA:171,4
DA:172,0
DA:173,0
DA:174,0
DA:175,0
DA:176,0
DA:179,4
DA:180,0
DA:181,0
DA:182,0
DA:183,0
DA:184,0
DA:185,0
DA:186,0
DA:187,0
DA:188,0
DA:189,0
DA:190,0
DA:191,0
DA:192,0
DA:193,0
DA:194,0
DA:195,0
DA:196,0
DA:200,4
DA:201,0
DA:202,0
DA:210,4
DA:211,0
DA:213,0
DA:214,0
DA:215,0
DA:216,0
DA:217,0
DA:219,0
DA:221,0
DA:225,4
DA:226,0
DA:227,0
DA:228,0
DA:232,4
DA:233,0
DA:234,0
DA:235,0
DA:236,0
DA:237,0
DA:238,0
DA:239,0
DA:240,0
DA:244,4
DA:245,0
DA:247,0
DA:248,0
DA:250,0
DA:251,0
DA:256,4
DA:257,0
DA:258,0
DA:259,0
DA:262,4
DA:263,0
DA:264,0
DA:265,0
DA:268,4
DA:269,0
DA:272,4
DA:273,1
DA:276,4
DA:277,0
DA:279,0
DA:280,0
DA:281,0
DA:283,0
DA:284,0
DA:289,4
DA:290,0
DA:292,0
DA:293,0
DA:294,0
DA:295,0
DA:296,0
DA:299,0
DA:300,0
DA:305,4
DA:306,0
DA:307,0
DA:308,0
DA:311,4
DA:314,2
DA:318,4
DA:321,4
DA:324,4
DA:325,1
DA:326,0
DA:328,1
DA:329,1
DA:332,4
LF:175
LH:95
BRDA:,0,0,20
BRDA:,0,1,20
BRDA:,1,0,0
BRDA:,1,1,20
BRDA:,2,0,8
BRDA:,2,1,0
BRDA:,3,0,0
BRDA:,3,1,8
BRDA:,4,0,0
BRDA:,4,1,32
BRDA:,5,0,32
BRDA:,5,1,32
BRDA:,6,0,0
BRDA:,6,1,2
BRDA:,7,0,0
BRDA:,7,1,2
BRDA:,8,0,2
BRDA:,8,1,0
BRDA:,9,0,2
BRDA:,9,1,2
BRDA:,9,2,0
BRDA:,10,0,0
BRDA:,10,1,4
BRDA:,11,0,4
BRDA:,11,1,0
BRDA:,12,0,4
BRDA:,12,1,4
BRDA:,13,0,4
BRDA:,13,1,0
BRDA:,14,0,4
BRDA:,14,1,0
BRDA:,15,0,0
BRDA:,15,1,0
BRDA:,16,0,1
BRDA:,16,1,61
BRDA:,17,0,0
BRDA:,17,1,1
BRDA:,18,0,1
BRDA:,18,1,0
BRDA:,19,0,0
BRDA:,19,1,1
BRDA:,20,0,61
BRDA:,20,1,1
BRDA:,21,0,60
BRDA:,21,1,1
BRDA:,22,0,0
BRDA:,22,1,0
BRDA:,23,0,0
BRDA:,23,1,0
BRDA:,24,0,0
BRDA:,24,1,0
BRDA:,25,0,0
BRDA:,25,1,0
BRDA:,26,0,0
BRDA:,26,1,0
BRDA:,27,0,0
BRDA:,27,1,0
BRDA:,28,0,0
BRDA:,28,1,0
BRDA:,29,0,0
BRDA:,29,1,0
BRDA:,30,0,0
BRDA:,30,1,0
BRDA:,31,0,0
BRDA:,31,1,0
BRDA:,32,0,0
BRDA:,32,1,0
BRDA:,33,0,0
BRDA:,33,1,0
BRDA:,34,0,0
BRDA:,34,1,0
BRDA:,35,0,0
BRDA:,35,1,0
BRDA:,36,0,0
BRDA:,36,1,0
BRDA:,37,0,0
BRDA:,37,1,0
BRDA:,38,0,0
BRDA:,38,1,0
BRDA:,39,0,0
BRDA:,39,1,0
BRDA:,40,0,0
BRDA:,40,1,0
BRDA:,41,0,0
BRDA:,41,1,0
BRDA:,42,0,0
BRDA:,42,1,1
BRDA:,43,0,1
BRDA:,43,1,1
BRDA:,43,2,1
BRDA:,44,0,1
BRDA:,44,1,0
BRDA:,45,0,1
BRDA:,45,1,1
BRDA:,45,2,1
BRF:95
BRH:36
end_of_record
TN:
SF:/Users/bruno/workspace/player/clappr/src/playbacks/base_flash_playback/index.js
FNF:0
FNH:0
DA:3,5
DA:6,5
DA:7,5
LF:3
LH:3
BRF:0
BRH:0
end_of_record
TN:
SF:/Users/bruno/workspace/player/clappr/src/playbacks/base_flash_playback/base_flash_playback.js
FN:,(anonymous_0)
FN:,defineProperties
FN:,(anonymous_2)
FN:,_interopRequireDefault
FN:,_classCallCheck
FN:,_possibleConstructorReturn
FN:,_inherits
FN:,(anonymous_7)
FN:,BaseFlashPlayback
FN:,setElement
FN:,_setupFirefox
FN:,render
FN:,get
FN:,get
FN:,get
FN:,get
FN:,get
FNF:17
FNH:12
FNDA:5,(anonymous_0)
FNDA:5,defineProperties
FNDA:5,(anonymous_2)
FNDA:30,_interopRequireDefault
FNDA:10,_classCallCheck
FNDA:10,_possibleConstructorReturn
FNDA:5,_inherits
FNDA:5,(anonymous_7)
FNDA:10,BaseFlashPlayback
FNDA:10,setElement
FNDA:0,_setupFirefox
FNDA:0,render
FNDA:10,get
FNDA:0,get
FNDA:0,get
FNDA:0,get
FNDA:10,get
DA:3,5
DA:7,25
DA:9,5
DA:11,5
DA:13,5
DA:15,5
DA:17,5
DA:19,5
DA:21,5
DA:23,5
DA:25,5
DA:27,5
DA:29,5
DA:31,5
DA:33,30
DA:35,10
DA:37,10
DA:39,5
DA:43,5
DA:45,5
DA:46,5
DA:49,10
DA:51,10
DA:54,5
DA:55,10
DA:56,10
DA:59,5
DA:60,0
DA:61,0
DA:62,0
DA:63,0
DA:66,5
DA:67,0
DA:75,0
DA:76,0
DA:78,0
DA:79,0
DA:83,0
DA:84,0
DA:87,0
DA:88,0
DA:90,0
DA:93,5
DA:96,10
DA:101,0
DA:106,0
DA:111,0
DA:116,10
DA:118,10
DA:119,0
DA:122,10
DA:132,5
DA:135,5
DA:136,5
LF:54
LH:36
BRDA:,0,0,25
BRDA:,0,1,25
BRDA:,1,0,0
BRDA:,1,1,25
BRDA:,2,0,5
BRDA:,2,1,0
BRDA:,3,0,0
BRDA:,3,1,5
BRDA:,4,0,0
BRDA:,4,1,30
BRDA:,5,0,30
BRDA:,5,1,30
BRDA:,6,0,0
BRDA:,6,1,10
BRDA:,7,0,0
BRDA:,7,1,10
BRDA:,8,0,10
BRDA:,8,1,0
BRDA:,9,0,10
BRDA:,9,1,10
BRDA:,9,2,0
BRDA:,10,0,0
BRDA:,10,1,5
BRDA:,11,0,5
BRDA:,11,1,0
BRDA:,12,0,5
BRDA:,12,1,5
BRDA:,13,0,5
BRDA:,13,1,0
BRDA:,14,0,5
BRDA:,14,1,0
BRDA:,15,0,0
BRDA:,15,1,0
BRDA:,16,0,0
BRDA:,16,1,0
BRDA:,17,0,0
BRDA:,17,1,0
BRDA:,18,0,0
BRDA:,18,1,10
BRF:39
BRH:20
end_of_record
TN:
SF:/Users/bruno/workspace/player/clappr/src/components/mediator.js
FN:,_interopRequireDefault
FN:,_classCallCheck
FN:,Mediator
FN:,(anonymous_3)
FN:,(anonymous_4)
FN:,(anonymous_5)
FN:,(anonymous_6)
FN:,(anonymous_7)
FNF:8
FNH:5
FNDA:6,_interopRequireDefault
FNDA:0,_classCallCheck
FNDA:0,Mediator
FNDA:81,(anonymous_3)
FNDA:1,(anonymous_4)
FNDA:1,(anonymous_5)
FNDA:4,(anonymous_6)
FNDA:0,(anonymous_7)
DA:3,6
DA:7,6
DA:9,6
DA:11,6
DA:13,0
DA:21,6
DA:23,6
DA:24,0
DA:27,6
DA:30,6
DA:31,81
DA:32,81
DA:35,6
DA:36,1
DA:37,1
DA:40,6
DA:41,1
DA:42,1
DA:45,6
DA:46,4
DA:47,1
DA:50,4
DA:51,4
DA:54,6
DA:55,0
DA:56,0
DA:58,6
LF:27
LH:23
BRDA:,0,0,0
BRDA:,0,1,6
BRDA:,1,0,6
BRDA:,1,1,6
BRDA:,2,0,0
BRDA:,2,1,0
BRF:6
BRH:3
end_of_record
TN:
SF:/Users/bruno/workspace/player/clappr/src/playbacks/html5_audio/index.js
FNF:0
FNH:0
DA:3,4
LF:1
LH:1
BRF:0
BRH:0
end_of_record
TN:
SF:/Users/bruno/workspace/player/clappr/src/playbacks/html5_audio/html5_audio.js
FN:,(anonymous_0)
FN:,defineProperties
FN:,(anonymous_2)
FN:,_interopRequireDefault
FN:,_classCallCheck
FN:,_possibleConstructorReturn
FN:,_inherits
FN:,(anonymous_7)
FN:,HTML5Audio
FN:,updateSettings
FN:,getPlaybackType
FN:,get
FN:,get
FN:,get
FN:,(anonymous_14)
FNF:15
FNH:8
FNDA:4,(anonymous_0)
FNDA:4,defineProperties
FNDA:4,(anonymous_2)
FNDA:12,_interopRequireDefault
FNDA:0,_classCallCheck
FNDA:0,_possibleConstructorReturn
FNDA:4,_inherits
FNDA:4,(anonymous_7)
FNDA:0,HTML5Audio
FNDA:0,updateSettings
FNDA:0,getPlaybackType
FNDA:2,get
FNDA:0,get
FNDA:0,get
FNDA:6,(anonymous_14)
DA:3,4
DA:7,12
DA:9,4
DA:11,4
DA:13,4
DA:15,4
DA:17,4
DA:19,4
DA:21,12
DA:23,0
DA:25,0
DA:27,4
DA:32,4
DA:33,4
DA:36,0
DA:38,0
DA:41,4
DA:42,0
DA:43,0
DA:44,0
DA:47,4
DA:48,0
DA:51,4
DA:54,2
DA:59,0
DA:64,0
DA:68,4
DA:71,4
DA:74,4
DA:75,6
DA:81,6
DA:83,4
LF:32
LH:22
BRDA:,0,0,12
BRDA:,0,1,12
BRDA:,1,0,0
BRDA:,1,1,12
BRDA:,2,0,4
BRDA:,2,1,0
BRDA:,3,0,0
BRDA:,3,1,4
BRDA:,4,0,0
BRDA:,4,1,12
BRDA:,5,0,12
BRDA:,5,1,12
BRDA:,6,0,0
BRDA:,6,1,0
BRDA:,7,0,0
BRDA:,7,1,0
BRDA:,8,0,0
BRDA:,8,1,0
BRDA:,9,0,0
BRDA:,9,1,0
BRDA:,9,2,0
BRDA:,10,0,0
BRDA:,10,1,4
BRDA:,11,0,4
BRDA:,11,1,0
BRDA:,12,0,4
BRDA:,12,1,4
BRDA:,13,0,4
BRDA:,13,1,0
BRDA:,14,0,4
BRDA:,14,1,0
BRF:31
BRH:14
end_of_record
TN:
SF:/Users/bruno/workspace/player/clappr/src/playbacks/flashls/index.js
FNF:0
FNH:0
DA:3,3
LF:1
LH:1
BRF:0
BRH:0
end_of_record
TN:
SF:/Users/bruno/workspace/player/clappr/src/playbacks/flashls/flashls.js
FN:,(anonymous_0)
FN:,defineProperties
FN:,(anonymous_2)
FN:,_interopRequireDefault
FN:,_classCallCheck
FN:,_possibleConstructorReturn
FN:,_inherits
FN:,(anonymous_7)
FN:,get
FN:,get
FN:,get
FN:,get
FN:,set
FN:,get
FN:,get
FN:,FlasHLS
FN:,_initHlsParameters
FN:,_addListeners
FN:,(anonymous_18)
FN:,(anonymous_19)
FN:,(anonymous_20)
FN:,(anonymous_21)
FN:,(anonymous_22)
FN:,(anonymous_23)
FN:,(anonymous_24)
FN:,stopListening
FN:,_bootstrap
FN:,(anonymous_27)
FN:,_setFlashSettings
FN:,setAutoStartLoad
FN:,setCapLevelToStage
FN:,setMaxLevelCappingMode
FN:,setSetMinBufferLength
FN:,setMinBufferLengthCapping
FN:,setMaxBufferLength
FN:,setMaxBackBufferLength
FN:,setLowBufferLength
FN:,setMediaTimePeriod
FN:,setFpsDroppedMonitoringPeriod
FN:,setFpsDroppedMonitoringThreshold
FN:,setCapLevelonFPSDrop
FN:,setSmoothAutoSwitchonFPSDrop
FN:,setSwitchDownOnLevelError
FN:,setSeekMode
FN:,setKeyLoadMaxRetry
FN:,setKeyLoadMaxRetryTimeout
FN:,setFragmentLoadMaxRetry
FN:,setFragmentLoadMaxRetryTimeout
FN:,setFragmentLoadSkipAfterMaxRetry
FN:,setMaxSkippedFragments
FN:,setFlushLiveURLCache
FN:,setInitialLiveManifestSize
FN:,setManifestLoadMaxRetry
FN:,setManifestLoadMaxRetryTimeout
FN:,setManifestRedundantLoadmaxRetry
FN:,setStartFromBitrate
FN:,setStartFromLevel
FN:,setAutoStartMaxDuration
FN:,setSeekFromLevel
FN:,setUseHardwareVideoDecoder
FN:,setSetLogInfo
FN:,setLogDebug
FN:,setLogDebug2
FN:,setLogWarn
FN:,setLogError
FN:,_levelChanged
FN:,_updateTime
FN:,play
FN:,getPlaybackType
FN:,getCurrentLevelIndex
FN:,getCurrentLevel
FN:,getCurrentBitrate
FN:,setCurrentLevel
FN:,isHighDefinitionInUse
FN:,getLevels
FN:,_setPlaybackState
FN:,_updateCurrentState
FN:,_updatePlaybackType
FN:,_startReportingProgress
FN:,_stopReportingProgress
FN:,_onFragmentLoaded
FN:,_onLevelEndlist
FN:,_firstPlay
FN:,(anonymous_83)
FN:,volume
FN:,(anonymous_85)
FN:,pause
FN:,stop
FN:,isPlaying
FN:,getDuration
FN:,_normalizeDuration
FN:,seekPercentage
FN:,seek
FN:,_updateDvr
FN:,_flashPlaybackError
FN:,_manifestLoaded
FN:,_fillLevels
FN:,destroy
FN:,_updateSettings
FN:,_createCallbacks
FN:,(anonymous_100)
FN:,render
FN:,get
FN:,get
FN:,(anonymous_104)
FNF:105
FNH:22
FNDA:4,(anonymous_0)
FNDA:8,defineProperties
FNDA:8,(anonymous_2)
FNDA:36,_interopRequireDefault
FNDA:8,_classCallCheck
FNDA:8,_possibleConstructorReturn
FNDA:4,_inherits
FNDA:4,(anonymous_7)
FNDA:46,get
FNDA:0,get
FNDA:0,get
FNDA:0,get
FNDA:0,set
FNDA:0,get
FNDA:0,get
FNDA:8,FlasHLS
FNDA:8,_initHlsParameters
FNDA:8,_addListeners
FNDA:0,(anonymous_18)
FNDA:0,(anonymous_19)
FNDA:0,(anonymous_20)
FNDA:0,(anonymous_21)
FNDA:0,(anonymous_22)
FNDA:0,(anonymous_23)
FNDA:0,(anonymous_24)
FNDA:0,stopListening
FNDA:0,_bootstrap
FNDA:0,(anonymous_27)
FNDA:0,_setFlashSettings
FNDA:0,setAutoStartLoad
FNDA:0,setCapLevelToStage
FNDA:0,setMaxLevelCappingMode
FNDA:0,setSetMinBufferLength
FNDA:0,setMinBufferLengthCapping
FNDA:0,setMaxBufferLength
FNDA:0,setMaxBackBufferLength
FNDA:0,setLowBufferLength
FNDA:0,setMediaTimePeriod
FNDA:0,setFpsDroppedMonitoringPeriod
FNDA:0,setFpsDroppedMonitoringThreshold
FNDA:0,setCapLevelonFPSDrop
FNDA:0,setSmoothAutoSwitchonFPSDrop
FNDA:0,setSwitchDownOnLevelError
FNDA:0,setSeekMode
FNDA:0,setKeyLoadMaxRetry
FNDA:0,setKeyLoadMaxRetryTimeout
FNDA:0,setFragmentLoadMaxRetry
FNDA:0,setFragmentLoadMaxRetryTimeout
FNDA:0,setFragmentLoadSkipAfterMaxRetry
FNDA:0,setMaxSkippedFragments
FNDA:0,setFlushLiveURLCache
FNDA:0,setInitialLiveManifestSize
FNDA:0,setManifestLoadMaxRetry
FNDA:0,setManifestLoadMaxRetryTimeout
FNDA:0,setManifestRedundantLoadmaxRetry
FNDA:0,setStartFromBitrate
FNDA:0,setStartFromLevel
FNDA:0,setAutoStartMaxDuration
FNDA:0,setSeekFromLevel
FNDA:0,setUseHardwareVideoDecoder
FNDA:0,setSetLogInfo
FNDA:0,setLogDebug
FNDA:0,setLogDebug2
FNDA:0,setLogWarn
FNDA:0,setLogError
FNDA:0,_levelChanged
FNDA:0,_updateTime
FNDA:1,play
FNDA:0,getPlaybackType
FNDA:0,getCurrentLevelIndex
FNDA:0,getCurrentLevel
FNDA:0,getCurrentBitrate
FNDA:0,setCurrentLevel
FNDA:0,isHighDefinitionInUse
FNDA:0,getLevels
FNDA:9,_setPlaybackState
FNDA:9,_updateCurrentState
FNDA:9,_updatePlaybackType
FNDA:0,_startReportingProgress
FNDA:9,_stopReportingProgress
FNDA:0,_onFragmentLoaded
FNDA:0,_onLevelEndlist
FNDA:1,_firstPlay
FNDA:0,(anonymous_83)
FNDA:0,volume
FNDA:0,(anonymous_85)
FNDA:0,pause
FNDA:0,stop
FNDA:0,isPlaying
FNDA:2,getDuration
FNDA:2,_normalizeDuration
FNDA:0,seekPercentage
FNDA:0,seek
FNDA:0,_updateDvr
FNDA:0,_flashPlaybackError
FNDA:0,_manifestLoaded
FNDA:0,_fillLevels
FNDA:0,destroy
FNDA:0,_updateSettings
FNDA:1,_createCallbacks
FNDA:0,(anonymous_100)
FNDA:0,render
FNDA:0,get
FNDA:0,get
FNDA:1,(anonymous_104)
DA:3,4
DA:7,32
DA:9,4
DA:11,4
DA:13,4
DA:15,4
DA:17,4
DA:19,4
DA:21,4
DA:23,4
DA:25,4
DA:27,4
DA:29,4
DA:31,4
DA:33,4
DA:35,4
DA:37,4
DA:39,4
DA:41,4
DA:43,4
DA:45,36
DA:47,8
DA:49,8
DA:51,4
DA:55,4
DA:56,4
DA:58,4
DA:59,4
DA:61,4
DA:64,46
DA:69,0
DA:74,0
DA:79,0
DA:80,0
DA:82,0
DA:86,0
DA:87,0
DA:88,0
DA:100,0
DA:113,0
DA:118,8
DA:120,8
DA:121,8
DA:124,8
DA:126,8
DA:127,8
DA:128,8
DA:130,8
DA:131,8
DA:132,8
DA:133,8
DA:139,8
DA:140,8
DA:141,8
DA:142,8
DA:143,8
DA:146,4
DA:147,8
DA:148,8
DA:149,8
DA:150,8
DA:151,8
DA:152,8
DA:153,8
DA:154,8
DA:155,8
DA:156,8
DA:157,8
DA:158,8
DA:159,8
DA:160,8
DA:161,8
DA:162,8
DA:163,8
DA:164,8
DA:165,8
DA:166,8
DA:167,8
DA:168,8
DA:169,8
DA:170,8
DA:171,8
DA:172,8
DA:173,8
DA:174,8
DA:175,8
DA:176,8
DA:177,8
DA:178,8
DA:179,8
DA:180,8
DA:181,8
DA:182,8
DA:183,8
DA:186,4
DA:187,8
DA:189,8
DA:190,0
DA:192,8
DA:193,0
DA:195,8
DA:196,0
DA:198,8
DA:199,0
DA:201,8
DA:202,0
DA:204,8
DA:205,0
DA:207,8
DA:208,0
DA:212,4
DA:213,0
DA:214,0
DA:215,0
DA:216,0
DA:217,0
DA:218,0
DA:219,0
DA:220,0
DA:221,0
DA:224,4
DA:225,0
DA:227,0
DA:228,0
DA:229,0
DA:230,0
DA:231,0
DA:232,0
DA:233,0
DA:234,0
DA:235,0
DA:236,0
DA:238,0
DA:240,0
DA:241,0
DA:242,0
DA:243,0
DA:246,0
DA:251,4
DA:252,0
DA:253,0
DA:254,0
DA:255,0
DA:256,0
DA:257,0
DA:258,0
DA:259,0
DA:260,0
DA:261,0
DA:262,0
DA:263,0
DA:264,0
DA:265,0
DA:266,0
DA:267,0
DA:268,0
DA:269,0
DA:270,0
DA:271,0
DA:272,0
DA:273,0
DA:274,0
DA:275,0
DA:276,0
DA:277,0
DA:278,0
DA:279,0
DA:280,0
DA:281,0
DA:282,0
DA:283,0
DA:284,0
DA:285,0
DA:286,0
DA:287,0
DA:290,4
DA:291,0
DA:292,0
DA:295,4
DA:296,0
DA:297,0
DA:300,4
DA:301,0
DA:302,0
DA:305,4
DA:306,0
DA:307,0
DA:310,4
DA:311,0
DA:312,0
DA:315,4
DA:316,0
DA:317,0
DA:320,4
DA:321,0
DA:322,0
DA:325,4
DA:326,0
DA:327,0
DA:330,4
DA:331,0
DA:332,0
DA:335,4
DA:336,0
DA:337,0
DA:340,4
DA:341,0
DA:342,0
DA:345,4
DA:346,0
DA:347,0
DA:350,4
DA:351,0
DA:352,0
DA:355,4
DA:356,0
DA:357,0
DA:360,4
DA:361,0
DA:362,0
DA:365,4
DA:366,0
DA:367,0
DA:370,4
DA:371,0
DA:372,0
DA:375,4
DA:376,0
DA:377,0
DA:380,4
DA:381,0
DA:382,0
DA:385,4
DA:386,0
DA:387,0
DA:390,4
DA:391,0
DA:392,0
DA:395,4
DA:396,0
DA:397,0
DA:400,4
DA:401,0
DA:402,0
DA:405,4
DA:406,0
DA:407,0
DA:410,4
DA:411,0
DA:412,0
DA:415,4
DA:416,0
DA:417,0
DA:420,4
DA:421,0
DA:422,0
DA:425,4
DA:426,0
DA:427,0
DA:430,4
DA:431,0
DA:432,0
DA:435,4
DA:436,0
DA:437,0
DA:440,4
DA:441,0
DA:442,0
DA:445,4
DA:446,0
DA:447,0
DA:450,4
DA:451,0
DA:452,0
DA:455,4
DA:456,0
DA:457,0
DA:460,4
DA:461,0
DA:462,0
DA:465,4
DA:466,0
DA:467,0
DA:470,4
DA:471,0
DA:472,0
DA:473,0
DA:474,0
DA:476,0
DA:478,0
DA:485,0
DA:489,4
DA:490,0
DA:491,0
DA:494,0
DA:495,0
DA:496,0
DA:497,0
DA:498,0
DA:500,0
DA:501,0
DA:504,0
DA:505,0
DA:506,0
DA:509,0
DA:510,0
DA:513,0
DA:516,4
DA:517,1
DA:518,1
DA:519,0
DA:520,1
DA:521,1
DA:523,0
DA:527,4
DA:528,0
DA:531,4
DA:532,0
DA:535,4
DA:536,0
DA:539,4
DA:540,0
DA:543,4
DA:544,0
DA:547,4
DA:548,0
DA:551,4
DA:552,0
DA:555,4
DA:556,9
DA:557,5
DA:558,5
DA:559,5
DA:560,4
DA:561,2
DA:562,2
DA:563,2
DA:565,2
DA:566,2
DA:567,2
DA:568,2
DA:569,0
DA:570,0
DA:572,2
DA:573,2
DA:574,2
DA:575,2
DA:580,4
DA:581,9
DA:582,9
DA:583,7
DA:585,9
DA:586,9
DA:587,1
DA:588,8
DA:589,1
DA:593,4
DA:594,9
DA:595,9
DA:596,9
DA:597,9
DA:598,0
DA:600,9
DA:603,9
DA:606,4
DA:607,0
DA:608,0
DA:612,4
DA:613,9
DA:616,4
DA:617,0
DA:618,0
DA:619,0
DA:620,0
DA:628,4
DA:629,0
DA:632,4
DA:633,1
DA:635,1
DA:636,1
DA:637,0
DA:638,0
DA:640,0
DA:641,0
DA:642,0
DA:646,4
DA:647,0
DA:649,0
DA:650,0
DA:652,0
DA:653,0
DA:658,4
DA:659,0
DA:660,0
DA:661,0
DA:662,0
DA:667,4
DA:668,0
DA:669,0
DA:670,0
DA:671,0
DA:674,4
DA:675,0
DA:676,0
DA:678,0
DA:681,4
DA:682,2
DA:685,4
DA:686,2
DA:688,2
DA:690,2
DA:693,4
DA:694,0
DA:695,0
DA:696,0
DA:697,0
DA:699,0
DA:702,4
DA:703,0
DA:704,0
DA:706,0
DA:707,0
DA:709,0
DA:710,0
DA:713,4
DA:714,0
DA:715,0
DA:716,0
DA:717,0
DA:718,0
DA:719,0
DA:723,4
DA:724,0
DA:725,0
DA:728,4
DA:729,0
DA:730,0
DA:735,0
DA:738,0
DA:739,0
DA:742,4
DA:743,0
DA:744,0
DA:745,0
DA:747,0
DA:748,0
DA:750,0
DA:753,4
DA:754,0
DA:755,0
DA:758,4
DA:759,0
DA:760,0
DA:761,0
DA:762,0
DA:763,0
DA:764,0
DA:765,0
DA:767,0
DA:771,4
DA:772,1
DA:774,1
DA:775,1
DA:777,1
DA:778,1
DA:780,1
DA:781,1
DA:782,0
DA:786,4
DA:787,0
DA:788,0
DA:789,0
DA:792,4
DA:795,0
DA:800,0
DA:804,4
DA:807,4
DA:810,4
DA:811,1
DA:812,1
DA:814,4
LF:481
LH:222
BRDA:,0,0,32
BRDA:,0,1,32
BRDA:,1,0,0
BRDA:,1,1,32
BRDA:,2,0,8
BRDA:,2,1,0
BRDA:,3,0,0
BRDA:,3,1,8
BRDA:,4,0,0
BRDA:,4,1,36
BRDA:,5,0,36
BRDA:,5,1,36
BRDA:,6,0,0
BRDA:,6,1,8
BRDA:,7,0,0
BRDA:,7,1,8
BRDA:,8,0,8
BRDA:,8,1,0
BRDA:,9,0,8
BRDA:,9,1,8
BRDA:,9,2,0
BRDA:,10,0,0
BRDA:,10,1,4
BRDA:,11,0,4
BRDA:,11,1,0
BRDA:,12,0,4
BRDA:,12,1,4
BRDA:,13,0,4
BRDA:,13,1,0
BRDA:,14,0,4
BRDA:,14,1,0
BRDA:,15,0,0
BRDA:,15,1,0
BRDA:,16,0,0
BRDA:,16,1,0
BRDA:,17,0,0
BRDA:,17,1,0
BRDA:,18,0,0
BRDA:,18,1,0
BRDA:,19,0,8
BRDA:,19,1,0
BRDA:,20,0,8
BRDA:,20,1,0
BRDA:,21,0,8
BRDA:,21,1,0
BRDA:,22,0,8
BRDA:,22,1,0
BRDA:,23,0,8
BRDA:,23,1,0
BRDA:,24,0,8
BRDA:,24,1,0
BRDA:,25,0,8
BRDA:,25,1,0
BRDA:,26,0,8
BRDA:,26,1,0
BRDA:,27,0,8
BRDA:,27,1,0
BRDA:,28,0,8
BRDA:,28,1,0
BRDA:,29,0,8
BRDA:,29,1,0
BRDA:,30,0,8
BRDA:,30,1,0
BRDA:,31,0,8
BRDA:,31,1,0
BRDA:,32,0,8
BRDA:,32,1,0
BRDA:,33,0,8
BRDA:,33,1,0
BRDA:,34,0,8
BRDA:,34,1,0
BRDA:,35,0,8
BRDA:,35,1,0
BRDA:,36,0,8
BRDA:,36,1,0
BRDA:,37,0,8
BRDA:,37,1,0
BRDA:,38,0,8
BRDA:,38,1,0
BRDA:,39,0,8
BRDA:,39,1,0
BRDA:,40,0,8
BRDA:,40,1,0
BRDA:,41,0,8
BRDA:,41,1,0
BRDA:,42,0,8
BRDA:,42,1,0
BRDA:,43,0,8
BRDA:,43,1,0
BRDA:,44,0,8
BRDA:,44,1,0
BRDA:,45,0,8
BRDA:,45,1,0
BRDA:,46,0,8
BRDA:,46,1,0
BRDA:,47,0,8
BRDA:,47,1,0
BRDA:,48,0,8
BRDA:,48,1,0
BRDA:,49,0,8
BRDA:,49,1,0
BRDA:,50,0,8
BRDA:,50,1,0
BRDA:,51,0,8
BRDA:,51,1,0
BRDA:,52,0,8
BRDA:,52,1,0
BRDA:,53,0,8
BRDA:,53,1,0
BRDA:,54,0,8
BRDA:,54,1,0
BRDA:,55,0,8
BRDA:,55,1,0
BRDA:,56,0,0
BRDA:,56,1,0
BRDA:,57,0,0
BRDA:,57,1,0
BRDA:,58,0,0
BRDA:,58,1,0
BRDA:,59,0,0
BRDA:,59,1,0
BRDA:,60,0,0
BRDA:,60,1,0
BRDA:,61,0,0
BRDA:,61,1,0
BRDA:,62,0,0
BRDA:,62,1,0
BRDA:,63,0,0
BRDA:,63,1,0
BRDA:,64,0,0
BRDA:,64,1,0
BRDA:,65,0,0
BRDA:,65,1,0
BRDA:,66,0,0
BRDA:,66,1,0
BRDA:,67,0,0
BRDA:,67,1,0
BRDA:,68,0,0
BRDA:,68,1,0
BRDA:,69,0,0
BRDA:,69,1,0
BRDA:,70,0,0
BRDA:,70,1,0
BRDA:,71,0,0
BRDA:,71,1,0
BRDA:,71,2,0
BRDA:,72,0,0
BRDA:,72,1,1
BRDA:,73,0,1
BRDA:,73,1,0
BRDA:,74,0,1
BRDA:,74,1,1
BRDA:,75,0,0
BRDA:,75,1,0
BRDA:,76,0,5
BRDA:,76,1,4
BRDA:,77,0,2
BRDA:,77,1,2
BRDA:,78,0,2
BRDA:,78,1,0
BRDA:,79,0,2
BRDA:,79,1,0
BRDA:,80,0,0
BRDA:,80,1,2
BRDA:,81,0,2
BRDA:,81,1,0
BRDA:,82,0,7
BRDA:,82,1,2
BRDA:,83,0,1
BRDA:,83,1,8
BRDA:,84,0,1
BRDA:,84,1,7
BRDA:,85,0,9
BRDA:,85,1,0
BRDA:,86,0,0
BRDA:,86,1,9
BRDA:,87,0,0
BRDA:,87,1,0
BRDA:,88,0,0
BRDA:,88,1,0
BRDA:,89,0,0
BRDA:,89,1,0
BRDA:,90,0,0
BRDA:,90,1,1
BRDA:,91,0,0
BRDA:,91,1,0
BRDA:,92,0,0
BRDA:,92,1,0
BRDA:,93,0,0
BRDA:,93,1,0
BRDA:,94,0,0
BRDA:,94,1,0
BRDA:,95,0,0
BRDA:,95,1,0
BRDA:,96,0,0
BRDA:,96,1,0
BRDA:,97,0,2
BRDA:,97,1,0
BRDA:,98,0,0
BRDA:,98,1,0
BRDA:,99,0,0
BRDA:,99,1,0
BRDA:,100,0,0
BRDA:,100,1,0
BRDA:,101,0,0
BRDA:,101,1,0
BRDA:,102,0,0
BRDA:,102,1,0
BRDA:,103,0,0
BRDA:,103,1,0
BRDA:,104,0,0
BRDA:,104,1,0
BRDA:,105,0,1
BRDA:,105,1,0
BRDA:,106,0,1
BRDA:,106,1,0
BRDA:,107,0,1
BRDA:,107,1,0
BRDA:,108,0,1
BRDA:,108,1,1
BRDA:,108,2,1
BRDA:,108,3,1
BRDA:,108,4,1
BRF:223
BRH:86
end_of_record
TN:
SF:/Users/bruno/workspace/player/clappr/src/playbacks/flashls/flashls_events.js
FN:,_interopRequireDefault
FN:,_classCallCheck
FN:,(anonymous_2)
FN:,HLSEvents
FN:,ready
FN:,videoSize
FN:,complete
FN:,error
FN:,manifest
FN:,audioLevelLoaded
FN:,levelLoaded
FN:,levelEndlist
FN:,fragmentLoaded
FN:,fragmentPlaying
FN:,position
FN:,state
FN:,seekState
FN:,_switch
FN:,audioTracksListChange
FN:,audioTrackChange
FNF:20
FNH:4
FNDA:4,_interopRequireDefault
FNDA:1,_classCallCheck
FNDA:4,(anonymous_2)
FNDA:1,HLSEvents
FNDA:0,ready
FNDA:0,videoSize
FNDA:0,complete
FNDA:0,error
FNDA:0,manifest
FNDA:0,audioLevelLoaded
FNDA:0,levelLoaded
FNDA:0,levelEndlist
FNDA:0,fragmentLoaded
FNDA:0,fragmentPlaying
FNDA:0,position
FNDA:0,state
FNDA:0,seekState
FNDA:0,_switch
FNDA:0,audioTracksListChange
FNDA:0,audioTrackChange
DA:3,4
DA:7,4
DA:9,4
DA:11,4
DA:13,1
DA:15,4
DA:17,1
DA:19,1
DA:22,4
DA:23,0
DA:26,4
DA:27,0
DA:30,4
DA:31,0
DA:34,4
DA:35,0
DA:38,4
DA:39,0
DA:42,4
DA:43,0
DA:46,4
DA:47,0
DA:50,4
DA:51,0
DA:54,4
DA:55,0
DA:58,4
DA:59,0
DA:62,4
DA:63,0
DA:66,4
DA:67,0
DA:70,4
DA:71,0
DA:74,4
DA:75,0
DA:78,4
DA:79,0
DA:82,4
DA:83,0
DA:86,4
DA:89,4
DA:90,4
LF:43
LH:27
BRDA:,0,0,0
BRDA:,0,1,4
BRDA:,1,0,4
BRDA:,1,1,4
BRDA:,2,0,0
BRDA:,2,1,1
BRF:6
BRH:4
end_of_record
TN:
SF:/Users/bruno/workspace/player/clappr/src/playbacks/hls/index.js
FNF:0
FNH:0
DA:3,4
LF:1
LH:1
BRF:0
BRH:0
end_of_record
TN:
SF:/Users/bruno/workspace/player/clappr/src/playbacks/hls/hls.js
FN:,(anonymous_0)
FN:,defineProperties
FN:,(anonymous_2)
FN:,_interopRequireDefault
FN:,_toConsumableArray
FN:,_classCallCheck
FN:,_possibleConstructorReturn
FN:,_inherits
FN:,(anonymous_8)
FN:,get
FN:,get
FN:,get
FN:,set
FN:,get
FN:,get
FN:,get
FN:,get
FN:,get
FN:,get
FN:,HLS
FN:,_setupHls
FN:,(anonymous_21)
FN:,(anonymous_22)
FN:,(anonymous_23)
FN:,(anonymous_24)
FN:,(anonymous_25)
FN:,(anonymous_26)
FN:,_recover
FN:,_setupSrc
FN:,_startTimeUpdateTimer
FN:,(anonymous_30)
FN:,_stopTimeUpdateTimer
FN:,getDuration
FN:,getCurrentTime
FN:,getStartTimeOffset
FN:,seekPercentage
FN:,seek
FN:,seekToLivePoint
FN:,_updateDvr
FN:,_updateSettings
FN:,_onHLSJSError
FN:,_onTimeUpdate
FN:,_onDurationChange
FN:,_onProgress
FN:,play
FN:,pause
FN:,stop
FN:,destroy
FN:,_updatePlaybackType
FN:,_fillLevels
FN:,(anonymous_50)
FN:,_onLevelUpdated
FN:,_onFragmentLoaded
FN:,_onLevelSwitch
FN:,getPlaybackType
FN:,isSeekEnabled
FN:,get
FN:,(anonymous_57)
FNF:58
FNH:26
FNDA:4,(anonymous_0)
FNDA:8,defineProperties
FNDA:8,(anonymous_2)
FNDA:28,_interopRequireDefault
FNDA:0,_toConsumableArray
FNDA:7,_classCallCheck
FNDA:7,_possibleConstructorReturn
FNDA:4,_inherits
FNDA:4,(anonymous_8)
FNDA:23,get
FNDA:0,get
FNDA:0,get
FNDA:0,set
FNDA:152,get
FNDA:0,get
FNDA:0,get
FNDA:99,get
FNDA:99,get
FNDA:0,get
FNDA:7,HLS
FNDA:2,_setupHls
FNDA:2,(anonymous_21)
FNDA:0,(anonymous_22)
FNDA:0,(anonymous_23)
FNDA:0,(anonymous_24)
FNDA:0,(anonymous_25)
FNDA:0,(anonymous_26)
FNDA:0,_recover
FNDA:7,_setupSrc
FNDA:7,_startTimeUpdateTimer
FNDA:46,(anonymous_30)
FNDA:0,_stopTimeUpdateTimer
FNDA:99,getDuration
FNDA:53,getCurrentTime
FNDA:0,getStartTimeOffset
FNDA:0,seekPercentage
FNDA:0,seek
FNDA:0,seekToLivePoint
FNDA:0,_updateDvr
FNDA:7,_updateSettings
FNDA:0,_onHLSJSError
FNDA:53,_onTimeUpdate
FNDA:46,_onDurationChange
FNDA:7,_onProgress
FNDA:0,play
FNDA:0,pause
FNDA:0,stop
FNDA:0,destroy
FNDA:0,_updatePlaybackType
FNDA:0,_fillLevels
FNDA:0,(anonymous_50)
FNDA:0,_onLevelUpdated
FNDA:0,_onFragmentLoaded
FNDA:0,_onLevelSwitch
FNDA:0,getPlaybackType
FNDA:7,isSeekEnabled
FNDA:0,get
FNDA:1,(anonymous_57)
DA:3,4
DA:7,40
DA:9,4
DA:11,4
DA:13,4
DA:15,4
DA:17,4
DA:19,4
DA:21,4
DA:23,4
DA:25,4
DA:27,4
DA:29,4
DA:31,4
DA:33,4
DA:35,4
DA:37,4
DA:39,28
DA:41,0
DA:43,7
DA:45,7
DA:47,4
DA:51,4
DA:53,4
DA:54,4
DA:56,4
DA:59,23
DA:64,0
DA:69,0
DA:70,0
DA:72,0
DA:76,0
DA:77,0
DA:78,0
DA:83,152
DA:84,0
DA:86,152
DA:91,0
DA:100,0
DA:101,0
DA:103,0
DA:104,0
DA:105,0
DA:107,0
DA:116,99
DA:117,99
DA:118,99
DA:120,0
DA:121,0
DA:122,0
DA:123,0
DA:128,99
DA:152,0
DA:153,0
DA:155,0
DA:160,7
DA:162,7
DA:163,7
DA:167,7
DA:169,7
DA:170,7
DA:175,7
DA:177,7
DA:178,7
DA:179,7
DA:187,7
DA:190,7
DA:193,7
DA:196,7
DA:200,7
DA:202,7
DA:204,7
DA:205,7
DA:206,7
DA:207,7
DA:210,4
DA:211,2
DA:213,2
DA:214,2
DA:215,2
DA:217,2
DA:218,0
DA:220,2
DA:221,0
DA:223,2
DA:224,0
DA:226,2
DA:227,0
DA:229,2
DA:230,0
DA:232,2
DA:235,4
DA:236,0
DA:237,0
DA:238,0
DA:239,0
DA:240,0
DA:241,0
DA:242,0
DA:244,0
DA:245,0
DA:252,4
DA:256,4
DA:257,7
DA:259,7
DA:260,46
DA:261,46
DA:265,4
DA:266,0
DA:274,4
DA:275,99
DA:278,4
DA:282,53
DA:290,4
DA:291,0
DA:294,4
DA:295,0
DA:296,0
DA:297,0
DA:299,0
DA:302,4
DA:303,0
DA:304,0
DA:305,0
DA:308,0
DA:309,0
DA:310,0
DA:313,4
DA:314,0
DA:317,4
DA:318,0
DA:319,0
DA:322,4
DA:323,7
DA:324,7
DA:325,0
DA:326,0
DA:328,0
DA:330,7
DA:331,7
DA:334,4
DA:337,0
DA:338,0
DA:339,0
DA:340,0
DA:342,0
DA:343,0
DA:344,0
DA:346,0
DA:347,0
DA:348,0
DA:350,0
DA:351,0
DA:352,0
DA:355,0
DA:356,0
DA:359,0
DA:363,4
DA:364,53
DA:365,53
DA:366,46
DA:368,7
DA:369,7
DA:372,4
DA:373,46
DA:374,46
DA:375,39
DA:377,7
DA:378,7
DA:381,4
DA:382,7
DA:383,7
DA:385,0
DA:386,0
DA:387,0
DA:388,0
DA:393,0
DA:394,0
DA:397,0
DA:402,0
DA:405,4
DA:406,0
DA:407,0
DA:409,0
DA:412,4
DA:413,0
DA:414,0
DA:416,0
DA:417,0
DA:418,0
DA:422,4
DA:423,0
DA:424,0
DA:425,0
DA:426,0
DA:430,4
DA:431,0
DA:432,0
DA:433,0
DA:434,0
DA:436,0
DA:439,4
DA:440,0
DA:441,0
DA:442,0
DA:445,4
DA:446,0
DA:447,0
DA:449,0
DA:452,4
DA:453,0
DA:454,0
DA:456,0
DA:457,0
DA:458,0
DA:459,0
DA:460,0
DA:462,0
DA:463,0
DA:466,0
DA:467,0
DA:468,0
DA:471,0
DA:472,0
DA:474,0
DA:480,0
DA:481,0
DA:483,0
DA:484,0
DA:488,0
DA:492,0
DA:497,0
DA:505,0
DA:509,0
DA:510,0
DA:511,0
DA:512,0
DA:513,0
DA:514,0
DA:515,0
DA:516,0
DA:518,0
DA:522,0
DA:523,0
DA:524,0
DA:529,0
DA:530,0
DA:531,0
DA:532,0
DA:533,0
DA:535,0
DA:541,0
DA:542,0
DA:544,0
DA:545,0
DA:546,0
DA:550,0
DA:554,0
DA:558,0
DA:561,0
DA:571,0
DA:572,0
DA:575,4
DA:576,0
DA:579,4
DA:580,0
DA:581,0
DA:583,0
DA:584,0
DA:585,0
DA:586,0
DA:588,0
DA:589,0
DA:590,0
DA:600,4
DA:601,0
DA:604,4
DA:605,7
DA:608,4
DA:615,0
DA:619,4
DA:622,4
DA:625,4
DA:626,1
DA:627,1
DA:629,1
DA:631,4
LF:287
LH:121
BRDA:,0,0,40
BRDA:,0,1,40
BRDA:,1,0,0
BRDA:,1,1,40
BRDA:,2,0,8
BRDA:,2,1,0
BRDA:,3,0,0
BRDA:,3,1,8
BRDA:,4,0,0
BRDA:,4,1,28
BRDA:,5,0,28
BRDA:,5,1,28
BRDA:,6,0,0
BRDA:,6,1,0
BRDA:,7,0,0
BRDA:,7,1,7
BRDA:,8,0,0
BRDA:,8,1,7
BRDA:,9,0,7
BRDA:,9,1,0
BRDA:,10,0,7
BRDA:,10,1,7
BRDA:,10,2,0
BRDA:,11,0,0
BRDA:,11,1,4
BRDA:,12,0,4
BRDA:,12,1,0
BRDA:,13,0,4
BRDA:,13,1,4
BRDA:,14,0,4
BRDA:,14,1,0
BRDA:,15,0,4
BRDA:,15,1,0
BRDA:,16,0,0
BRDA:,16,1,0
BRDA:,17,0,0
BRDA:,17,1,0
BRDA:,18,0,0
BRDA:,18,1,0
BRDA:,19,0,0
BRDA:,19,1,152
BRDA:,20,0,152
BRDA:,20,1,0
BRDA:,21,0,0
BRDA:,21,1,0
BRDA:,22,0,99
BRDA:,22,1,0
BRDA:,23,0,0
BRDA:,23,1,0
BRDA:,24,0,7
BRDA:,24,1,0
BRDA:,25,0,6
BRDA:,25,1,1
BRDA:,26,0,7
BRDA:,26,1,0
BRDA:,27,0,7
BRDA:,27,1,7
BRDA:,28,0,7
BRDA:,28,1,7
BRDA:,29,0,2
BRDA:,29,1,0
BRDA:,30,0,0
BRDA:,30,1,0
BRDA:,31,0,0
BRDA:,31,1,0
BRDA:,32,0,0
BRDA:,32,1,0
BRDA:,33,0,0
BRDA:,33,1,0
BRDA:,34,0,0
BRDA:,34,1,0
BRDA:,35,0,7
BRDA:,35,1,0
BRDA:,36,0,0
BRDA:,36,1,0
BRDA:,37,0,0
BRDA:,37,1,0
BRDA:,38,0,0
BRDA:,38,1,0
BRDA:,39,0,0
BRDA:,39,1,0
BRDA:,39,2,0
BRDA:,40,0,46
BRDA:,40,1,7
BRDA:,41,0,39
BRDA:,41,1,7
BRDA:,42,0,7
BRDA:,42,1,0
BRDA:,43,0,0
BRDA:,43,1,0
BRDA:,44,0,0
BRDA:,44,1,0
BRDA:,45,0,0
BRDA:,45,1,0
BRDA:,46,0,0
BRDA:,46,1,0
BRDA:,47,0,0
BRDA:,47,1,0
BRDA:,48,0,0
BRDA:,48,1,0
BRDA:,49,0,0
BRDA:,49,1,0
BRDA:,50,0,0
BRDA:,50,1,0
BRDA:,51,0,0
BRDA:,51,1,0
BRDA:,52,0,0
BRDA:,52,1,0
BRDA:,53,0,0
BRDA:,53,1,0
BRDA:,54,0,0
BRDA:,54,1,0
BRDA:,55,0,0
BRDA:,55,1,0
BRDA:,56,0,0
BRDA:,56,1,0
BRDA:,57,0,0
BRDA:,57,1,0
BRDA:,58,0,0
BRDA:,58,1,0
BRDA:,59,0,0
BRDA:,59,1,0
BRDA:,60,0,0
BRDA:,60,1,0
BRDA:,61,0,0
BRDA:,61,1,0
BRDA:,62,0,0
BRDA:,62,1,0
BRDA:,63,0,0
BRDA:,63,1,0
BRDA:,64,0,0
BRDA:,64,1,0
BRDA:,65,0,0
BRDA:,65,1,0
BRDA:,66,0,0
BRDA:,66,1,0
BRDA:,67,0,0
BRDA:,67,1,0
BRDA:,68,0,0
BRDA:,68,1,0
BRDA:,69,0,0
BRDA:,69,1,0
BRDA:,70,0,0
BRDA:,70,1,0
BRDA:,71,0,0
BRDA:,71,1,0
BRDA:,72,0,0
BRDA:,72,1,0
BRDA:,73,0,7
BRDA:,73,1,0
BRDA:,74,0,0
BRDA:,74,1,0
BRDA:,74,2,0
BRDA:,75,0,1
BRDA:,75,1,0
BRDA:,76,0,1
BRDA:,76,1,1
BRDA:,76,2,1
BRDA:,76,3,1
BRDA:,77,0,1
BRDA:,77,1,1
BRF:161
BRH:45
end_of_record
TN:
SF:/Users/bruno/workspace/player/clappr/src/playbacks/html_img/index.js
FNF:0
FNH:0
DA:3,3
LF:1
LH:1
BRF:0
BRH:0
end_of_record
TN:
SF:/Users/bruno/workspace/player/clappr/src/playbacks/html_img/html_img.js
FN:,(anonymous_0)
FN:,defineProperties
FN:,(anonymous_2)
FN:,_interopRequireDefault
FN:,_classCallCheck
FN:,_possibleConstructorReturn
FN:,_inherits
FN:,(anonymous_7)
FN:,getPlaybackType
FN:,get
FN:,get
FN:,get
FN:,get
FN:,HTMLImg
FN:,render
FN:,_onLoad
FN:,_onError
FN:,(anonymous_17)
FNF:18
FNH:8
FNDA:3,(anonymous_0)
FNDA:3,defineProperties
FNDA:3,(anonymous_2)
FNDA:12,_interopRequireDefault
FNDA:0,_classCallCheck
FNDA:0,_possibleConstructorReturn
FNDA:3,_inherits
FNDA:3,(anonymous_7)
FNDA:0,getPlaybackType
FNDA:2,get
FNDA:0,get
FNDA:0,get
FNDA:0,get
FNDA:0,HTMLImg
FNDA:0,render
FNDA:0,_onLoad
FNDA:0,_onError
FNDA:1,(anonymous_17)
DA:3,3
DA:7,12
DA:9,3
DA:11,3
DA:13,3
DA:15,3
DA:17,3
DA:19,3
DA:21,3
DA:23,3
DA:25,12
DA:27,0
DA:29,0
DA:31,3
DA:35,3
DA:36,3
DA:38,3
DA:39,0
DA:42,3
DA:45,2
DA:50,0
DA:55,0
DA:62,0
DA:71,0
DA:73,0
DA:75,0
DA:76,0
DA:79,3
DA:80,0
DA:81,0
DA:82,0
DA:83,0
DA:86,3
DA:87,0
DA:90,3
DA:91,0
DA:92,0
DA:95,3
DA:98,3
DA:101,3
DA:102,1
DA:105,3
LF:42
LH:25
BRDA:,0,0,12
BRDA:,0,1,12
BRDA:,1,0,0
BRDA:,1,1,12
BRDA:,2,0,3
BRDA:,2,1,0
BRDA:,3,0,0
BRDA:,3,1,3
BRDA:,4,0,0
BRDA:,4,1,12
BRDA:,5,0,12
BRDA:,5,1,12
BRDA:,6,0,0
BRDA:,6,1,0
BRDA:,7,0,0
BRDA:,7,1,0
BRDA:,8,0,0
BRDA:,8,1,0
BRDA:,9,0,0
BRDA:,9,1,0
BRDA:,9,2,0
BRDA:,10,0,0
BRDA:,10,1,3
BRDA:,11,0,3
BRDA:,11,1,0
BRDA:,12,0,3
BRDA:,12,1,3
BRDA:,13,0,3
BRDA:,13,1,0
BRDA:,14,0,3
BRDA:,14,1,0
BRDA:,15,0,0
BRDA:,15,1,0
BRF:33
BRH:14
end_of_record
TN:
SF:/Users/bruno/workspace/player/clappr/src/playbacks/no_op/index.js
FNF:0
FNH:0
DA:3,3
LF:1
LH:1
BRF:0
BRH:0
end_of_record
TN:
SF:/Users/bruno/workspace/player/clappr/src/playbacks/no_op/no_op.js
FN:,(anonymous_0)
FN:,defineProperties
FN:,(anonymous_2)
FN:,_interopRequireDefault
FN:,_classCallCheck
FN:,_possibleConstructorReturn
FN:,_inherits
FN:,(anonymous_7)
FN:,get
FN:,get
FN:,get
FN:,NoOp
FN:,render
FN:,play
FN:,_noise
FN:,_loop
FN:,(anonymous_16)
FN:,destroy
FN:,_animate
FN:,(anonymous_19)
FNF:20
FNH:8
FNDA:3,(anonymous_0)
FNDA:3,defineProperties
FNDA:3,(anonymous_2)
FNDA:18,_interopRequireDefault
FNDA:0,_classCallCheck
FNDA:0,_possibleConstructorReturn
FNDA:3,_inherits
FNDA:3,(anonymous_7)
FNDA:2,get
FNDA:0,get
FNDA:0,get
FNDA:0,NoOp
FNDA:0,render
FNDA:0,play
FNDA:0,_noise
FNDA:0,_loop
FNDA:0,(anonymous_16)
FNDA:0,destroy
FNDA:0,_animate
FNDA:1,(anonymous_19)
DA:3,3
DA:7,9
DA:9,3
DA:11,3
DA:13,3
DA:15,3
DA:17,3
DA:19,3
DA:21,3
DA:23,3
DA:25,3
DA:27,3
DA:29,3
DA:31,3
DA:33,3
DA:35,18
DA:37,0
DA:39,0
DA:41,3
DA:43,3
DA:44,3
DA:46,3
DA:49,2
DA:54,0
DA:59,0
DA:64,0
DA:66,0
DA:67,0
DA:70,0
DA:72,0
DA:73,0
DA:74,0
DA:77,3
DA:78,0
DA:79,0
DA:80,0
DA:81,0
DA:82,0
DA:83,0
DA:84,0
DA:85,0
DA:87,0
DA:90,3
DA:91,0
DA:92,0
DA:93,0
DA:94,0
DA:98,3
DA:99,0
DA:100,0
DA:102,0
DA:105,0
DA:106,0
DA:107,0
DA:108,0
DA:110,0
DA:111,0
DA:112,0
DA:113,0
DA:117,0
DA:118,0
DA:119,0
DA:120,0
DA:121,0
DA:122,0
DA:123,0
DA:124,0
DA:125,0
DA:127,0
DA:128,0
DA:130,0
DA:133,3
DA:134,0
DA:136,0
DA:137,0
DA:139,0
DA:140,0
DA:141,0
DA:145,3
DA:146,0
DA:147,0
DA:148,0
DA:152,3
DA:153,0
DA:154,0
DA:155,0
DA:158,3
DA:161,3
DA:164,3
DA:166,1
DA:168,3
LF:91
LH:32
BRDA:,0,0,9
BRDA:,0,1,9
BRDA:,1,0,0
BRDA:,1,1,9
BRDA:,2,0,3
BRDA:,2,1,0
BRDA:,3,0,0
BRDA:,3,1,3
BRDA:,4,0,0
BRDA:,4,1,18
BRDA:,5,0,18
BRDA:,5,1,18
BRDA:,6,0,0
BRDA:,6,1,0
BRDA:,7,0,0
BRDA:,7,1,0
BRDA:,8,0,0
BRDA:,8,1,0
BRDA:,9,0,0
BRDA:,9,1,0
BRDA:,9,2,0
BRDA:,10,0,0
BRDA:,10,1,3
BRDA:,11,0,3
BRDA:,11,1,0
BRDA:,12,0,3
BRDA:,12,1,3
BRDA:,13,0,3
BRDA:,13,1,0
BRDA:,14,0,3
BRDA:,14,1,0
BRDA:,15,0,0
BRDA:,15,1,0
BRDA:,16,0,0
BRDA:,16,1,0
BRDA:,17,0,0
BRDA:,17,1,0
BRDA:,18,0,0
BRDA:,18,1,0
BRDA:,19,0,0
BRDA:,19,1,0
BRDA:,20,0,0
BRDA:,20,1,0
BRDA:,21,0,0
BRDA:,21,1,0
BRDA:,22,0,0
BRDA:,22,1,0
BRDA:,23,0,0
BRDA:,23,1,0
BRF:49
BRH:14
end_of_record
TN:
SF:/Users/bruno/workspace/player/clappr/src/plugins/spinner_three_bounce/index.js
FNF:0
FNH:0
DA:3,3
LF:1
LH:1
BRF:0
BRH:0
end_of_record
TN:
SF:/Users/bruno/workspace/player/clappr/src/plugins/spinner_three_bounce/spinner_three_bounce.js
FN:,(anonymous_0)
FN:,defineProperties
FN:,(anonymous_2)
FN:,_interopRequireDefault
FN:,_classCallCheck
FN:,_possibleConstructorReturn
FN:,_inherits
FN:,(anonymous_7)
FN:,get
FN:,get
FN:,SpinnerThreeBouncePlugin
FN:,onBuffering
FN:,onBufferFull
FN:,onStop
FN:,show
FN:,(anonymous_15)
FN:,hide
FN:,render
FNF:18
FNH:14
FNDA:3,(anonymous_0)
FNDA:3,defineProperties
FNDA:3,(anonymous_2)
FNDA:18,_interopRequireDefault
FNDA:1,_classCallCheck
FNDA:1,_possibleConstructorReturn
FNDA:3,_inherits
FNDA:3,(anonymous_7)
FNDA:6,get
FNDA:1,get
FNDA:1,SpinnerThreeBouncePlugin
FNDA:0,onBuffering
FNDA:0,onBufferFull
FNDA:1,onStop
FNDA:0,show
FNDA:0,(anonymous_15)
FNDA:1,hide
FNDA:1,render
DA:3,3
DA:7,6
DA:9,3
DA:11,3
DA:13,3
DA:15,3
DA:17,3
DA:19,3
DA:21,3
DA:23,3
DA:25,3
DA:27,3
DA:29,3
DA:31,3
DA:33,18
DA:35,1
DA:37,1
DA:39,3
DA:43,3
DA:44,3
DA:46,3
DA:49,6
DA:54,1
DA:62,1
DA:64,1
DA:66,1
DA:67,1
DA:68,1
DA:69,1
DA:70,1
DA:71,1
DA:72,1
DA:73,1
DA:74,1
DA:77,3
DA:78,0
DA:81,3
DA:82,0
DA:85,3
DA:86,1
DA:89,3
DA:90,0
DA:92,0
DA:93,0
DA:94,0
DA:99,3
DA:100,1
DA:101,0
DA:102,0
DA:104,1
DA:107,3
DA:108,1
DA:109,1
DA:110,1
DA:111,1
DA:112,1
DA:113,1
DA:114,0
DA:116,1
DA:119,3
DA:122,3
DA:123,3
LF:62
LH:53
BRDA:,0,0,6
BRDA:,0,1,6
BRDA:,1,0,0
BRDA:,1,1,6
BRDA:,2,0,3
BRDA:,2,1,0
BRDA:,3,0,0
BRDA:,3,1,3
BRDA:,4,0,0
BRDA:,4,1,18
BRDA:,5,0,18
BRDA:,5,1,18
BRDA:,6,0,0
BRDA:,6,1,1
BRDA:,7,0,0
BRDA:,7,1,1
BRDA:,8,0,1
BRDA:,8,1,0
BRDA:,9,0,1
BRDA:,9,1,1
BRDA:,9,2,0
BRDA:,10,0,0
BRDA:,10,1,3
BRDA:,11,0,3
BRDA:,11,1,0
BRDA:,12,0,3
BRDA:,12,1,3
BRDA:,13,0,3
BRDA:,13,1,0
BRDA:,14,0,3
BRDA:,14,1,0
BRDA:,15,0,0
BRDA:,15,1,0
BRDA:,16,0,0
BRDA:,16,1,1
BRDA:,17,0,0
BRDA:,17,1,1
BRF:37
BRH:21
end_of_record
TN:
SF:/Users/bruno/workspace/player/clappr/src/plugins/stats/index.js
FNF:0
FNH:0
DA:3,4
LF:1
LH:1
BRF:0
BRH:0
end_of_record
TN:
SF:/Users/bruno/workspace/player/clappr/src/plugins/stats/stats.js
FN:,(anonymous_0)
FN:,defineProperties
FN:,(anonymous_2)
FN:,_interopRequireDefault
FN:,_classCallCheck
FN:,_possibleConstructorReturn
FN:,_inherits
FN:,(anonymous_7)
FN:,get
FN:,StatsPlugin
FN:,bindEvents
FN:,setInitialAttrs
FN:,onPlay
FN:,onStop
FN:,onBuffering
FN:,onBufferFull
FN:,getRebufferingTime
FN:,getWatchingTime
FN:,isRebuffering
FN:,onStatsAdd
FN:,getStats
FN:,report
FNF:22
FNH:19
FNDA:4,(anonymous_0)
FNDA:4,defineProperties
FNDA:4,(anonymous_2)
FNDA:12,_interopRequireDefault
FNDA:9,_classCallCheck
FNDA:9,_possibleConstructorReturn
FNDA:4,_inherits
FNDA:4,(anonymous_7)
FNDA:8,get
FNDA:9,StatsPlugin
FNDA:9,bindEvents
FNDA:9,setInitialAttrs
FNDA:2,onPlay
FNDA:0,onStop
FNDA:12,onBuffering
FNDA:12,onBufferFull
FNDA:9,getRebufferingTime
[...]
DA:151,5
DA:156,5
DA:161,40
DA:166,11
DA:171,17
DA:173,17
DA:175,17
DA:176,17
DA:177,17
DA:178,17
DA:179,17
DA:180,17
DA:181,17
DA:182,17
DA:183,17
DA:184,17
DA:190,17
DA:191,16
DA:192,0
DA:195,1
DA:198,17
DA:199,17
DA:200,0
DA:202,17
DA:203,0
DA:205,17
DA:206,0
DA:208,17
DA:209,17
DA:210,17
DA:213,3
DA:214,18
DA:215,17
DA:216,17
DA:217,17
DA:218,17
DA:219,17
DA:220,17
DA:221,17
DA:222,17
DA:223,17
DA:224,17
DA:225,17
DA:226,17
DA:227,17
DA:228,17
DA:229,17
DA:231,1
DA:236,3
DA:237,1
DA:238,1
DA:239,1
DA:242,3
DA:243,2
DA:244,2
DA:245,2
DA:248,3
DA:249,0
DA:252,3
DA:253,0
DA:256,3
DA:257,0
DA:260,3
DA:261,1
DA:264,3
DA:265,0
DA:268,0
DA:269,0
DA:270,0
DA:274,3
DA:275,7
DA:277,0
DA:280,7
DA:281,7
DA:282,7
DA:283,7
DA:284,7
DA:285,7
DA:286,7
DA:289,7
DA:290,7
DA:291,7
DA:292,7
DA:293,7
DA:294,7
DA:295,6
DA:297,1
DA:298,1
DA:300,7
DA:303,3
DA:304,7
DA:305,7
DA:306,7
DA:307,0
DA:308,0
DA:309,0
DA:311,7
DA:312,7
DA:313,7
DA:314,7
DA:315,0
DA:318,7
DA:319,7
DA:322,3
DA:323,0
DA:324,0
DA:325,0
DA:327,0
DA:330,3
DA:331,0
DA:334,3
DA:335,0
DA:338,3
DA:339,0
DA:340,0
DA:344,3
DA:345,7
DA:346,7
DA:347,0
DA:349,7
DA:351,7
DA:352,7
DA:353,7
DA:354,0
DA:358,3
DA:359,0
DA:360,0
DA:362,0
DA:364,0
DA:367,3
DA:368,0
DA:369,0
DA:371,0
DA:375,3
DA:376,0
DA:377,0
DA:378,0
DA:379,0
DA:380,0
DA:381,0
DA:382,0
DA:383,0
DA:387,3
DA:388,0
DA:389,0
DA:390,0
DA:391,0
DA:395,3
DA:396,0
DA:397,0
DA:399,0
DA:400,0
DA:401,0
DA:402,0
DA:403,0
DA:404,0
DA:407,3
DA:408,0
DA:409,0
DA:410,0
DA:411,0
DA:412,0
DA:413,0
DA:414,0
DA:415,0
DA:416,0
DA:420,3
DA:421,0
DA:422,0
DA:423,0
DA:426,3
DA:427,0
DA:430,3
DA:431,27
DA:433,27
DA:437,27
DA:438,27
DA:439,27
DA:440,27
DA:441,2
DA:443,25
DA:444,0
DA:449,27
DA:450,1
DA:451,1
DA:454,26
DA:458,3
DA:459,0
DA:460,0
DA:461,0
DA:464,3
DA:465,1
DA:466,0
DA:467,0
DA:469,1
DA:470,1
DA:472,1
DA:473,1
DA:474,1
DA:475,1
DA:476,1
DA:477,1
DA:478,1
DA:480,1
DA:483,3
DA:484,0
DA:485,0
DA:487,0
DA:490,3
DA:491,9
DA:493,9
DA:495,9
DA:496,9
DA:497,0
DA:498,0
DA:501,9
DA:502,5
DA:504,9
DA:505,4
DA:510,3
DA:511,0
DA:514,3
DA:515,0
DA:516,0
DA:517,0
DA:520,3
DA:521,0
DA:523,0
DA:525,0
DA:526,0
DA:527,0
DA:530,3
DA:531,0
DA:533,0
DA:537,0
DA:538,0
DA:539,0
DA:541,0
DA:543,0
DA:544,0
DA:545,0
DA:546,0
DA:547,0
DA:549,0
DA:550,0
DA:551,0
DA:555,3
DA:556,0
DA:557,0
DA:558,0
DA:559,0
DA:560,0
DA:561,0
DA:562,0
DA:565,3
DA:566,0
DA:569,3
DA:570,0
DA:573,3
DA:574,0
DA:577,3
DA:578,0
DA:581,3
DA:582,4
DA:585,3
DA:586,2
DA:588,2
DA:589,1
DA:591,1
DA:592,1
DA:593,1
DA:594,1
DA:595,1
DA:596,1
DA:597,1
DA:598,0
DA:600,1
DA:601,0
DA:602,0
DA:607,3
DA:608,4
DA:610,4
DA:612,4
DA:613,1
DA:615,3
DA:616,3
DA:617,3
DA:618,0
DA:620,3
DA:621,0
DA:622,0
DA:625,3
DA:626,3
DA:627,3
DA:631,3
DA:632,2
DA:633,2
DA:635,2
DA:636,2
DA:637,2
DA:639,2
DA:640,2
DA:641,1
DA:642,1
DA:646,3
DA:647,2
DA:650,3
DA:651,6
DA:652,6
DA:655,3
DA:656,6
DA:657,6
DA:658,6
DA:659,6
DA:660,6
DA:661,6
DA:662,6
DA:663,6
DA:664,6
DA:665,6
DA:666,6
DA:667,6
DA:668,6
DA:669,6
DA:670,6
DA:671,6
DA:672,6
DA:673,6
DA:674,6
DA:675,6
DA:678,3
DA:679,6
DA:680,6
DA:683,3
DA:684,6
DA:685,6
DA:686,6
DA:687,6
DA:688,6
DA:689,6
DA:690,6
DA:691,6
DA:692,6
DA:695,3
DA:696,6
DA:697,6
DA:699,0
DA:701,6
DA:703,6
DA:704,6
DA:705,6
DA:706,6
DA:709,3
DA:710,0
DA:711,0
DA:712,0
DA:713,0
DA:714,0
DA:715,0
DA:718,3
DA:719,102
DA:721,102
DA:722,0
DA:723,0
DA:727,3
DA:728,6
DA:730,6
DA:731,6
DA:733,6
DA:734,0
DA:736,6
DA:737,0
DA:739,6
DA:740,0
DA:742,6
DA:743,0
DA:745,6
DA:746,0
DA:748,6
DA:749,0
DA:751,6
DA:752,0
DA:755,6
DA:756,6
DA:757,60
DA:758,0
DA:763,3
DA:764,6
DA:765,2
DA:766,2
DA:767,2
DA:768,2
DA:769,2
DA:770,2
DA:771,2
DA:772,2
DA:776,3
DA:777,6
DA:778,0
DA:779,0
DA:780,0
DA:781,0
DA:782,0
DA:786,3
DA:787,28
DA:788,0
DA:792,3
DA:793,0
DA:794,0
DA:795,0
DA:796,0
DA:799,3
DA:800,6
DA:802,6
DA:803,6
DA:804,6
DA:805,6
DA:806,6
DA:807,6
DA:809,6
DA:810,6
DA:811,1
DA:813,6
DA:814,2
DA:817,6
DA:818,0
DA:821,6
DA:822,6
DA:824,6
DA:825,6
DA:826,0
DA:828,6
DA:829,6
DA:831,6
DA:832,6
DA:833,6
DA:835,6
DA:836,6
DA:838,6
DA:839,6
DA:842,6
DA:843,6
DA:845,6
DA:846,6
DA:847,6
DA:848,6
DA:851,3
DA:854,3
DA:857,3
DA:858,0
DA:860,3
LF:504
LH:357
BRDA:,0,0,24
BRDA:,0,1,24
BRDA:,1,0,0
BRDA:,1,1,24
BRDA:,2,0,3
BRDA:,2,1,0
BRDA:,3,0,0
BRDA:,3,1,3
BRDA:,4,0,0
BRDA:,4,1,57
BRDA:,5,0,57
BRDA:,5,1,57
BRDA:,6,0,0
BRDA:,6,1,17
BRDA:,7,0,0
BRDA:,7,1,17
BRDA:,8,0,17
BRDA:,8,1,0
BRDA:,9,0,17
BRDA:,9,1,17
BRDA:,9,2,0
BRDA:,10,0,0
BRDA:,10,1,3
BRDA:,11,0,3
BRDA:,11,1,0
BRDA:,12,0,3
BRDA:,12,1,3
BRDA:,13,0,3
BRDA:,13,1,0
BRDA:,14,0,3
BRDA:,14,1,0
BRDA:,15,0,16
BRDA:,15,1,13
BRDA:,15,2,12
BRDA:,16,0,12
BRDA:,16,1,28
BRDA:,17,0,40
BRDA:,17,1,36
BRDA:,18,0,3
BRDA:,18,1,14
BRDA:,19,0,2
BRDA:,19,1,15
BRDA:,20,0,16
BRDA:,20,1,1
BRDA:,21,0,0
BRDA:,21,1,16
BRDA:,22,0,0
BRDA:,22,1,17
BRDA:,23,0,17
BRDA:,23,1,16
BRDA:,23,2,17
BRDA:,24,0,17
BRDA:,24,1,1
BRDA:,25,0,1
BRDA:,25,1,16
BRDA:,26,0,0
BRDA:,26,1,2
BRDA:,27,0,0
BRDA:,27,1,0
BRDA:,28,0,0
BRDA:,28,1,0
BRDA:,29,0,0
BRDA:,29,1,7
BRDA:,30,0,6
BRDA:,30,1,1
BRDA:,31,0,0
BRDA:,31,1,7
BRDA:,32,0,7
BRDA:,32,1,6
BRDA:,33,0,0
BRDA:,33,1,7
BRDA:,34,0,0
BRDA:,34,1,0
BRDA:,35,0,0
BRDA:,35,1,0
BRDA:,36,0,0
BRDA:,36,1,7
BRDA:,37,0,0
BRDA:,37,1,7
BRDA:,38,0,7
BRDA:,38,1,7
BRDA:,39,0,0
BRDA:,39,1,0
BRDA:,40,0,0
BRDA:,40,1,0
BRDA:,41,0,0
BRDA:,41,1,0
BRDA:,42,0,0
BRDA:,42,1,0
BRDA:,43,0,0
BRDA:,43,1,0
BRDA:,44,0,0
BRDA:,44,1,0
BRDA:,45,0,0
BRDA:,45,1,0
BRDA:,46,0,0
BRDA:,46,1,0
BRDA:,47,0,0
BRDA:,47,1,0
BRDA:,48,0,27
BRDA:,48,1,5
BRDA:,49,0,2
BRDA:,49,1,25
BRDA:,50,0,1
BRDA:,50,1,26
BRDA:,51,0,0
BRDA:,51,1,1
BRDA:,52,0,1
BRDA:,52,1,0
BRDA:,53,0,0
BRDA:,53,1,0
BRDA:,54,0,9
BRDA:,54,1,0
BRDA:,55,0,9
BRDA:,55,1,9
BRDA:,56,0,0
BRDA:,56,1,9
BRDA:,57,0,0
BRDA:,57,1,9
BRDA:,58,0,5
BRDA:,58,1,4
BRDA:,59,0,0
BRDA:,59,1,0
BRDA:,60,0,0
BRDA:,60,1,0
BRDA:,61,0,0
BRDA:,61,1,0
BRDA:,62,0,0
BRDA:,62,1,0
BRDA:,63,0,0
BRDA:,63,1,0
BRDA:,64,0,0
BRDA:,64,1,0
BRDA:,65,0,0
BRDA:,65,1,0
BRDA:,66,0,0
BRDA:,66,1,0
BRDA:,67,0,0
BRDA:,67,1,0
BRDA:,68,0,1
BRDA:,68,1,1
BRDA:,69,0,1
BRDA:,69,1,0
BRDA:,70,0,1
BRDA:,70,1,0
BRDA:,70,2,0
BRDA:,70,3,0
BRDA:,71,0,0
BRDA:,71,1,1
BRDA:,72,0,0
BRDA:,72,1,4
BRDA:,73,0,4
BRDA:,73,1,0
BRDA:,74,0,1
BRDA:,74,1,3
BRDA:,75,0,4
BRDA:,75,1,3
BRDA:,75,2,0
BRDA:,76,0,3
BRDA:,76,1,3
BRDA:,77,0,0
BRDA:,77,1,3
BRDA:,78,0,3
BRDA:,78,1,1
BRDA:,79,0,0
BRDA:,79,1,3
BRDA:,80,0,3
BRDA:,80,1,1
BRDA:,80,2,1
BRDA:,80,3,1
BRDA:,80,4,1
BRDA:,80,5,1
BRDA:,81,0,2
BRDA:,81,1,0
BRDA:,82,0,2
BRDA:,82,1,2
BRDA:,82,2,2
BRDA:,83,0,2
BRDA:,83,1,2
BRDA:,84,0,2
BRDA:,84,1,2
BRDA:,85,0,2
BRDA:,85,1,2
BRDA:,86,0,1
BRDA:,86,1,1
BRDA:,87,0,0
BRDA:,87,1,6
BRDA:,88,0,0
BRDA:,88,1,6
BRDA:,89,0,0
BRDA:,89,1,0
BRDA:,90,0,0
BRDA:,90,1,0
BRDA:,91,0,2
BRDA:,91,1,4
BRDA:,92,0,0
BRDA:,92,1,6
BRDA:,93,0,0
BRDA:,93,1,28
BRDA:,94,0,28
BRDA:,94,1,0
BRDA:,95,0,2
BRDA:,95,1,4
BRDA:,96,0,0
BRDA:,96,1,6
BRDA:,97,0,6
BRDA:,97,1,0
BRDA:,98,0,0
BRDA:,98,1,6
BRDA:,99,0,6
BRDA:,99,1,0
BRDA:,100,0,6
BRDA:,100,1,0
BRDA:,101,0,6
BRDA:,101,1,6
BRF:215
BRH:119
end_of_record
TN:
SF:/Users/bruno/workspace/player/clappr/src/components/player.js
FN:,(anonymous_0)
FN:,defineProperties
FN:,(anonymous_2)
FN:,_interopRequireDefault
FN:,_classCallCheck
FN:,_possibleConstructorReturn
FN:,_inherits
FN:,(anonymous_7)
FN:,set
FN:,get
FN:,get
FN:,get
FN:,get
FN:,get
FN:,Player
FN:,setParentId
FN:,attachTo
FN:,_addEventListeners
FN:,_addContainerEventListeners
FN:,_registerOptionEventListeners
FN:,(anonymous_20)
FN:,_containerChanged
FN:,_onReady
FN:,_onFullscreenChange
FN:,_onVolumeUpdate
FN:,_onPlay
FN:,_onPause
FN:,_onStop
FN:,_onEnded
FN:,_onSeek
FN:,_onTimeUpdate
FN:,_onError
FN:,_normalizeSources
FN:,resize
FN:,load
FN:,destroy
FN:,consent
FN:,play
FN:,pause
FN:,stop
FN:,seek
FN:,seekPercentage
FN:,setVolume
FN:,getVolume
FN:,mute
FN:,unmute
FN:,isPlaying
FN:,isDvrEnabled
FN:,isDvrInUse
FN:,configure
FN:,getPlugin
FN:,(anonymous_51)
FN:,getCurrentTime
FN:,getStartTimeOffset
FN:,getDuration
FNF:55
FNH:19
FNDA:2,(anonymous_0)
FNDA:2,defineProperties
FNDA:2,(anonymous_2)
FNDA:14,_interopRequireDefault
FNDA:9,_classCallCheck
FNDA:9,_possibleConstructorReturn
FNDA:2,_inherits
FNDA:2,(anonymous_7)
FNDA:0,set
FNDA:2,get
FNDA:0,get
FNDA:0,get
FNDA:0,get
FNDA:0,get
FNDA:9,Player
FNDA:0,setParentId
FNDA:1,attachTo
FNDA:1,_addEventListeners
FNDA:1,_addContainerEventListeners
FNDA:9,_registerOptionEventListeners
FNDA:0,(anonymous_20)
FNDA:0,_containerChanged
FNDA:1,_onReady
FNDA:0,_onFullscreenChange
FNDA:0,_onVolumeUpdate
FNDA:0,_onPlay
FNDA:0,_onPause
FNDA:0,_onStop
FNDA:0,_onEnded
FNDA:0,_onSeek
FNDA:0,_onTimeUpdate
FNDA:1,_onError
FNDA:12,_normalizeSources
FNDA:0,resize
FNDA:0,load
FNDA:0,destroy
FNDA:0,consent
FNDA:0,play
FNDA:0,pause
FNDA:0,stop
FNDA:0,seek
FNDA:0,seekPercentage
FNDA:0,setVolume
FNDA:0,getVolume
FNDA:0,mute
FNDA:0,unmute
FNDA:0,isPlaying
FNDA:0,isDvrEnabled
FNDA:0,isDvrInUse
FNDA:0,configure
FNDA:1,getPlugin
FNDA:1,(anonymous_51)
FNDA:0,getCurrentTime
FNDA:0,getStartTimeOffset
FNDA:0,getDuration
DA:3,2
DA:7,10
DA:9,2
DA:11,2
DA:13,2
DA:15,2
DA:17,2
DA:19,2
DA:21,2
DA:23,2
DA:25,2
DA:27,2
DA:29,2
DA:31,2
DA:33,2
DA:35,2
DA:37,2
DA:39,14
DA:41,9
DA:43,9
DA:45,2
DA:49,2
DA:76,2
DA:77,2
DA:79,2
DA:82,0
DA:85,2
DA:86,1
DA:88,2
DA:100,0
DA:114,0
DA:126,0
DA:138,0
DA:235,9
DA:237,9
DA:239,9
DA:240,9
DA:241,9
DA:242,9
DA:244,9
DA:246,9
DA:248,0
DA:250,9
DA:251,9
DA:252,9
DA:253,9
DA:254,9
DA:255,9
DA:256,0
DA:257,9
DA:258,0
DA:260,9
DA:271,2
DA:272,0
DA:273,0
DA:274,0
DA:276,0
DA:287,2
DA:288,1
DA:289,1
DA:290,1
DA:291,1
DA:294,2
DA:295,1
DA:296,0
DA:298,1
DA:300,1
DA:301,1
DA:302,1
DA:305,2
DA:306,1
DA:307,1
DA:308,1
DA:309,1
DA:310,1
DA:311,1
DA:312,1
DA:313,1
DA:314,1
DA:315,1
DA:317,1
DA:320,2
DA:321,9
DA:323,9
DA:324,9
DA:325,0
DA:326,0
DA:327,0
DA:328,0
DA:329,0
DA:332,9
DA:335,2
DA:336,0
DA:337,0
DA:340,2
DA:341,1
DA:342,1
DA:343,1
DA:346,2
DA:347,0
DA:350,2
DA:351,0
DA:354,2
DA:355,0
DA:358,2
DA:359,0
DA:362,2
DA:363,0
DA:366,2
DA:367,0
DA:370,2
DA:371,0
DA:374,2
DA:375,0
DA:378,2
DA:379,1
DA:382,2
DA:383,12
DA:384,12
DA:399,2
DA:400,0
DA:401,0
DA:415,2
DA:416,0
DA:417,0
DA:419,0
DA:420,0
DA:430,2
DA:431,0
DA:432,0
DA:442,2
DA:443,0
DA:444,0
DA:454,2
DA:455,0
DA:456,0
DA:466,2
DA:467,0
DA:468,0
DA:478,2
DA:479,0
DA:480,0
DA:491,2
DA:492,0
DA:493,0
DA:504,2
DA:505,0
DA:506,0
DA:517,2
DA:518,0
DA:519,0
DA:521,0
DA:531,2
DA:532,0
DA:542,2
DA:543,0
DA:544,0
DA:545,0
DA:555,2
DA:556,0
DA:557,0
DA:558,0
DA:568,2
DA:569,0
DA:579,2
DA:580,0
DA:590,2
DA:591,0
DA:602,2
DA:603,0
DA:604,0
DA:620,2
DA:621,1
DA:622,1
DA:623,1
DA:634,2
DA:635,0
DA:647,2
DA:648,0
DA:658,2
DA:659,0
DA:662,2
DA:665,2
DA:666,2
LF:184
LH:118
BRDA:,0,0,10
BRDA:,0,1,10
BRDA:,1,0,0
BRDA:,1,1,10
BRDA:,2,0,2
BRDA:,2,1,0
BRDA:,3,0,0
BRDA:,3,1,2
BRDA:,4,0,0
BRDA:,4,1,14
BRDA:,5,0,14
BRDA:,5,1,14
BRDA:,6,0,0
BRDA:,6,1,9
BRDA:,7,0,0
BRDA:,7,1,9
BRDA:,8,0,9
BRDA:,8,1,0
BRDA:,9,0,9
BRDA:,9,1,9
BRDA:,9,2,0
BRDA:,10,0,0
BRDA:,10,1,2
BRDA:,11,0,2
BRDA:,11,1,0
BRDA:,12,0,2
BRDA:,12,1,2
BRDA:,13,0,2
BRDA:,13,1,0
BRDA:,14,0,2
BRDA:,14,1,0
BRDA:,15,0,1
BRDA:,15,1,1
BRDA:,16,0,1
BRDA:,16,1,1
BRDA:,17,0,9
BRDA:,17,1,0
BRDA:,18,0,0
BRDA:,18,1,9
BRDA:,19,0,0
BRDA:,19,1,9
BRDA:,20,0,0
BRDA:,20,1,9
BRDA:,21,0,0
BRDA:,21,1,0
BRDA:,22,0,0
BRDA:,22,1,1
BRDA:,23,0,1
BRDA:,23,1,0
BRDA:,24,0,9
BRDA:,24,1,9
BRDA:,25,0,0
BRDA:,25,1,0
BRDA:,26,0,0
BRDA:,26,1,0
BRDA:,27,0,0
BRDA:,27,1,0
BRDA:,28,0,12
BRDA:,28,1,10
BRDA:,29,0,10
BRDA:,29,1,0
BRDA:,30,0,1
BRDA:,30,1,11
BRDA:,31,0,0
BRDA:,31,1,0
BRDA:,32,0,0
BRDA:,32,1,0
BRDA:,33,0,0
BRDA:,33,1,0
BRDA:,34,0,0
BRDA:,34,1,0
BRDA:,35,0,0
BRDA:,35,1,0
BRDA:,36,0,0
BRDA:,36,1,0
BRF:75
BRH:36
end_of_record
TN:
SF:/Users/bruno/workspace/player/clappr/src/components/core_factory/index.js
FNF:0
FNH:0
DA:3,2
LF:1
LH:1
BRF:0
BRH:0
end_of_record
TN:
SF:/Users/bruno/workspace/player/clappr/src/components/core_factory/core_factory.js
FN:,(anonymous_0)
FN:,defineProperties
FN:,(anonymous_2)
FN:,_interopRequireDefault
FN:,_classCallCheck
FN:,_possibleConstructorReturn
FN:,_inherits
FN:,(anonymous_7)
FN:,get
FN:,CoreFactory
FN:,create
FN:,addCorePlugins
FN:,(anonymous_12)
FN:,setupExternalInterface
FNF:14
FNH:14
FNDA:2,(anonymous_0)
FNDA:2,defineProperties
FNDA:2,(anonymous_2)
FNDA:4,_interopRequireDefault
FNDA:9,_classCallCheck
FNDA:9,_possibleConstructorReturn
FNDA:2,_inherits
FNDA:2,(anonymous_7)
FNDA:2,get
FNDA:9,CoreFactory
FNDA:1,create
FNDA:1,addCorePlugins
FNDA:6,(anonymous_12)
FNDA:6,setupExternalInterface
DA:3,2
DA:7,2
DA:9,2
DA:11,2
DA:13,2
DA:15,2
DA:17,4
DA:19,9
DA:21,9
DA:23,2
DA:34,2
DA:35,2
DA:37,2
DA:40,2
DA:52,9
DA:54,9
DA:56,9
DA:57,9
DA:58,9
DA:68,2
DA:69,1
DA:70,1
DA:71,1
DA:72,1
DA:73,1
DA:83,2
DA:84,1
DA:86,1
DA:87,6
DA:88,6
DA:89,6
DA:91,1
DA:94,2
DA:95,6
DA:96,6
DA:97,0
DA:101,2
DA:104,2
DA:105,2
LF:39
LH:38
BRDA:,0,0,2
BRDA:,0,1,2
BRDA:,1,0,0
BRDA:,1,1,2
BRDA:,2,0,2
BRDA:,2,1,0
BRDA:,3,0,0
BRDA:,3,1,2
BRDA:,4,0,0
BRDA:,4,1,4
BRDA:,5,0,4
BRDA:,5,1,4
BRDA:,6,0,0
BRDA:,6,1,9
BRDA:,7,0,0
BRDA:,7,1,9
BRDA:,8,0,9
BRDA:,8,1,0
BRDA:,9,0,9
BRDA:,9,1,9
BRDA:,9,2,0
BRDA:,10,0,0
BRDA:,10,1,2
BRDA:,11,0,2
BRDA:,11,1,0
BRDA:,12,0,2
BRDA:,12,1,2
BRDA:,13,0,2
BRDA:,13,1,0
BRDA:,14,0,2
BRDA:,14,1,0
BRF:31
BRH:19
end_of_record
TN:
SF:/Users/bruno/workspace/player/clappr/src/components/core/index.js
FNF:0
FNH:0
DA:3,2
LF:1
LH:1
BRF:0
BRH:0
end_of_record
TN:
SF:/Users/bruno/workspace/player/clappr/src/components/core/core.js
FN:,(anonymous_0)
FN:,defineProperties
FN:,(anonymous_2)
FN:,_interopRequireDefault
FN:,_classCallCheck
FN:,_possibleConstructorReturn
FN:,_inherits
FN:,(anonymous_7)
FN:,get
FN:,get
FN:,get
FN:,get
FN:,t
FN:,Core
FN:,(anonymous_14)
FN:,configureDomRecycler
FN:,createContainers
FN:,(anonymous_17)
FN:,(anonymous_18)
FN:,updateSize
FN:,setFullscreen
FN:,setPlayerSize
FN:,resize
FN:,enableResizeObserver
FN:,checkSizeCallback
FN:,triggerResize
FN:,disableResizeObserver
FN:,resolveOnContainersReady
FN:,(anonymous_28)
FN:,addPlugin
FN:,hasPlugin
FN:,getPlugin
FN:,(anonymous_32)
FN:,load
FN:,(anonymous_34)
FN:,(anonymous_35)
FN:,destroy
FN:,(anonymous_37)
FN:,(anonymous_38)
FN:,handleFullscreenChange
FN:,setMediaControlContainer
FN:,disableMediaControl
FN:,enableMediaControl
FN:,removeContainer
FN:,(anonymous_44)
FN:,appendContainer
FN:,setupContainers
FN:,renderContainers
FN:,(anonymous_48)
FN:,createContainer
FN:,setupMediaControl
FN:,createMediaControl
FN:,getCurrentContainer
FN:,getCurrentPlayback
FN:,getPlaybackType
FN:,toggleFullscreen
FN:,showMediaControl
FN:,hideMediaControl
FN:,onMediaControlShow
FN:,configure
FN:,(anonymous_60)
FN:,render
FNF:62
FNH:38
FNDA:2,(anonymous_0)
FNDA:2,defineProperties
FNDA:2,(anonymous_2)
FNDA:20,_interopRequireDefault
FNDA:1,_classCallCheck
FNDA:1,_possibleConstructorReturn
FNDA:2,_inherits
FNDA:2,(anonymous_7)
FNDA:1,get
FNDA:1,get
FNDA:1,get
FNDA:3,get
FNDA:2,t
FNDA:1,Core
FNDA:0,(anonymous_14)
FNDA:1,configureDomRecycler
FNDA:1,createContainers
FNDA:1,(anonymous_17)
FNDA:1,(anonymous_18)
FNDA:1,updateSize
FNDA:0,setFullscreen
FNDA:1,setPlayerSize
FNDA:1,resize
FNDA:1,enableResizeObserver
FNDA:0,checkSizeCallback
FNDA:1,triggerResize
FNDA:0,disableResizeObserver
FNDA:1,resolveOnContainersReady
FNDA:1,(anonymous_28)
FNDA:6,addPlugin
FNDA:0,hasPlugin
FNDA:3,getPlugin
FNDA:6,(anonymous_32)
FNDA:0,load
FNDA:0,(anonymous_34)
FNDA:0,(anonymous_35)
FNDA:0,destroy
FNDA:0,(anonymous_37)
FNDA:0,(anonymous_38)
FNDA:0,handleFullscreenChange
FNDA:0,setMediaControlContainer
FNDA:0,disableMediaControl
FNDA:0,enableMediaControl
FNDA:0,removeContainer
FNDA:0,(anonymous_44)
FNDA:1,appendContainer
FNDA:1,setupContainers
FNDA:1,renderContainers
FNDA:1,(anonymous_48)
FNDA:0,createContainer
FNDA:2,setupMediaControl
FNDA:1,createMediaControl
FNDA:24,getCurrentContainer
FNDA:0,getCurrentPlayback
FNDA:5,getPlaybackType
FNDA:0,toggleFullscreen
FNDA:0,showMediaControl
FNDA:0,hideMediaControl
FNDA:1,onMediaControlShow
FNDA:0,configure
FNDA:0,(anonymous_60)
FNDA:1,render
DA:3,2
DA:7,8
DA:9,2
DA:11,2
DA:13,2
DA:15,2
DA:17,2
DA:19,2
DA:21,2
DA:23,2
DA:25,2
DA:27,2
DA:29,2
DA:31,2
DA:33,2
DA:35,2
DA:37,2
DA:39,2
DA:41,2
DA:43,2
DA:45,2
DA:47,2
DA:49,2
DA:51,20
DA:53,1
DA:55,1
DA:57,2
DA:69,2
DA:70,2
DA:72,2
DA:75,1
DA:84,1
DA:99,1
DA:111,3
DA:112,2
DA:118,1
DA:120,1
DA:122,1
DA:123,1
DA:124,1
DA:125,1
DA:126,1
DA:127,1
DA:129,1
DA:130,0
DA:132,1
DA:133,1
DA:134,1
DA:135,1
DA:138,2
DA:139,1
DA:140,1
DA:145,2
DA:146,1
DA:148,1
DA:149,1
DA:150,1
DA:151,1
DA:152,1
DA:154,1
DA:158,2
DA:159,1
DA:160,0
DA:162,1
DA:166,2
DA:167,0
DA:168,0
DA:169,0
DA:170,0
DA:171,0
DA:175,2
DA:176,1
DA:177,1
DA:178,1
DA:179,1
DA:182,2
DA:183,1
DA:184,0
DA:185,0
DA:187,1
DA:188,1
DA:190,1
DA:191,1
DA:192,1
DA:193,1
DA:194,1
DA:197,2
DA:198,1
DA:200,1
DA:201,0
DA:202,0
DA:203,0
DA:206,1
DA:209,2
DA:210,1
DA:211,1
DA:212,1
DA:213,1
DA:214,1
DA:215,1
DA:219,2
DA:220,0
DA:223,2
DA:224,1
DA:226,1
DA:227,1
DA:228,1
DA:229,1
DA:233,2
DA:234,6
DA:237,2
DA:238,0
DA:241,2
DA:242,3
DA:243,6
DA:247,2
DA:248,0
DA:250,0
DA:251,0
DA:252,0
DA:253,0
DA:255,0
DA:256,0
DA:257,0
DA:258,0
DA:262,2
DA:263,0
DA:264,0
DA:265,0
DA:267,0
DA:268,0
DA:270,0
DA:271,0
DA:272,0
DA:273,0
DA:274,0
DA:277,2
DA:278,0
DA:279,0
DA:280,0
DA:283,2
DA:284,0
DA:285,0
DA:288,2
DA:289,0
DA:290,0
DA:293,2
DA:294,0
DA:297,2
DA:298,0
DA:299,0
DA:300,0
DA:304,2
DA:305,1
DA:306,1
DA:309,2
DA:310,1
DA:311,1
DA:312,1
DA:313,1
DA:314,1
DA:315,1
DA:316,1
DA:319,2
DA:320,1
DA:322,1
DA:323,1
DA:327,2
DA:328,0
DA:329,0
DA:330,0
DA:331,0
DA:334,2
DA:335,2
DA:336,1
DA:338,1
DA:339,1
DA:340,1
DA:341,1
DA:345,2
DA:346,1
DA:347,0
DA:349,1
DA:353,2
DA:354,24
DA:355,6
DA:357,18
DA:360,2
DA:361,0
DA:362,0
DA:365,2
DA:366,5
DA:367,5
DA:370,2
DA:371,0
DA:372,0
DA:373,0
DA:374,0
DA:377,0
DA:378,0
DA:379,0
DA:382,0
DA:385,2
DA:386,0
DA:389,2
DA:390,0
DA:393,2
DA:394,1
DA:396,1
DA:406,2
DA:407,0
DA:409,0
DA:410,0
DA:411,0
DA:413,0
DA:414,0
DA:416,0
DA:418,0
DA:419,0
DA:424,2
DA:425,1
DA:426,1
DA:427,1
DA:428,1
DA:430,1
DA:431,1
DA:432,1
DA:433,1
DA:434,1
DA:436,1
DA:438,1
DA:440,1
DA:443,2
DA:446,2
DA:447,2
LF:235
LH:165
BRDA:,0,0,8
BRDA:,0,1,8
BRDA:,1,0,0
BRDA:,1,1,8
BRDA:,2,0,2
BRDA:,2,1,0
BRDA:,3,0,0
BRDA:,3,1,2
BRDA:,4,0,0
BRDA:,4,1,20
BRDA:,5,0,20
BRDA:,5,1,20
BRDA:,6,0,0
BRDA:,6,1,1
BRDA:,7,0,0
BRDA:,7,1,1
BRDA:,8,0,1
BRDA:,8,1,0
BRDA:,9,0,1
BRDA:,9,1,1
BRDA:,9,2,0
BRDA:,10,0,0
BRDA:,10,1,2
BRDA:,11,0,2
BRDA:,11,1,0
BRDA:,12,0,2
BRDA:,12,1,2
BRDA:,13,0,2
BRDA:,13,1,0
BRDA:,14,0,2
BRDA:,14,1,0
BRDA:,15,0,3
BRDA:,15,1,2
BRDA:,16,0,0
BRDA:,16,1,1
BRDA:,17,0,1
BRDA:,17,1,1
BRDA:,17,2,0
BRDA:,18,0,0
BRDA:,18,1,1
BRDA:,19,0,0
BRDA:,19,1,0
BRDA:,20,0,0
BRDA:,20,1,1
BRDA:,21,0,1
BRDA:,21,1,0
BRDA:,22,0,0
BRDA:,22,1,0
BRDA:,23,0,0
BRDA:,23,1,0
BRDA:,24,0,1
BRDA:,24,1,0
BRDA:,24,2,0
BRDA:,25,0,1
BRDA:,25,1,0
BRDA:,26,0,0
BRDA:,26,1,0
BRDA:,27,0,0
BRDA:,27,1,0
BRDA:,28,0,0
BRDA:,28,1,0
BRDA:,29,0,1
BRDA:,29,1,1
BRDA:,30,0,0
BRDA:,30,1,1
BRDA:,31,0,1
BRDA:,31,1,0
BRDA:,32,0,6
BRDA:,32,1,18
BRDA:,33,0,24
BRDA:,33,1,24
BRDA:,34,0,0
BRDA:,34,1,0
BRDA:,35,0,5
BRDA:,35,1,3
BRDA:,36,0,0
BRDA:,36,1,0
BRDA:,37,0,0
BRDA:,37,1,0
BRDA:,38,0,0
BRDA:,38,1,0
BRDA:,39,0,0
BRDA:,39,1,1
BRDA:,40,0,0
BRDA:,40,1,1
BRDA:,41,0,0
BRDA:,41,1,1
BRDA:,42,0,0
BRDA:,42,1,0
BRDA:,43,0,0
BRDA:,43,1,0
BRDA:,44,0,0
BRDA:,44,1,0
BRDA:,45,0,1
BRDA:,45,1,0
BRDA:,46,0,1
BRDA:,46,1,0
BRDA:,47,0,1
BRDA:,47,1,0
BRF:99
BRH:45
end_of_record
TN:
SF:/Users/bruno/workspace/player/clappr/src/main.js
FN:,_interopRequireDefault
FNF:1
FNH:1
FNDA:31,_interopRequireDefault
DA:3,1
DA:7,1
DA:9,1
DA:11,1
DA:13,1
DA:15,1
DA:17,1
DA:19,1
DA:21,1
DA:23,1
DA:25,1
DA:27,1
DA:29,1
DA:31,1
DA:33,1
DA:35,1
DA:37,1
DA:39,1
DA:41,1
DA:43,1
DA:45,1
DA:47,1
DA:49,1
DA:51,1
DA:53,1
DA:55,1
DA:57,1
DA:59,1
DA:61,1
DA:63,1
DA:65,1
DA:67,1
DA:69,1
DA:71,1
DA:73,1
DA:75,1
DA:77,1
DA:79,1
DA:81,1
DA:83,1
DA:85,1
DA:87,1
DA:89,1
DA:91,1
DA:93,1
DA:95,1
DA:97,1
DA:99,1
DA:101,1
DA:103,1
DA:105,1
DA:107,1
DA:109,1
DA:111,1
DA:113,1
DA:115,1
DA:117,1
DA:119,1
DA:121,1
DA:123,1
DA:125,1
DA:127,1
DA:129,1
DA:131,31
DA:133,1
DA:137,1
DA:171,1
LF:67
LH:67
BRDA:,0,0,1
BRDA:,0,1,30
BRDA:,1,0,31
BRDA:,1,1,31
BRF:4
BRH:4
end_of_record
